INFO - 2023-12-11 03:16:39 --> Session: Class initialized using 'CodeIgniter\Session\Handlers\FileHandler' driver.
INFO - 2023-12-11 03:16:40 --> Session: Class initialized using 'CodeIgniter\Session\Handlers\FileHandler' driver.
INFO - 2023-12-11 03:16:53 --> Session: Class initialized using 'CodeIgniter\Session\Handlers\FileHandler' driver.
ERROR - 2023-12-11 03:16:57 --> Error connecting to the database: mysqli_sql_exception: No connection could be made because the target machine actively refused it.
 in D:\php\htdocs\wdpf55_codeigniter\wdpf55_codeigniter4\ci1\system\Database\MySQLi\Connection.php:185
Stack trace:
#0 D:\php\htdocs\wdpf55_codeigniter\wdpf55_codeigniter4\ci1\system\Database\MySQLi\Connection.php(185): mysqli->real_connect('localhost', 'root', '', 'wdpf55_ci1', 3306, '', 0)
#1 D:\php\htdocs\wdpf55_codeigniter\wdpf55_codeigniter4\ci1\system\Database\BaseConnection.php(392): CodeIgniter\Database\MySQLi\Connection->connect(false)
#2 D:\php\htdocs\wdpf55_codeigniter\wdpf55_codeigniter4\ci1\system\Database\BaseConnection.php(575): CodeIgniter\Database\BaseConnection->initialize()
#3 D:\php\htdocs\wdpf55_codeigniter\wdpf55_codeigniter4\ci1\system\Database\BaseBuilder.php(1615): CodeIgniter\Database\BaseConnection->query('SELECT *\nFROM `...', Array, false)
#4 D:\php\htdocs\wdpf55_codeigniter\wdpf55_codeigniter4\ci1\system\Model.php(264): CodeIgniter\Database\BaseBuilder->get()
#5 D:\php\htdocs\wdpf55_codeigniter\wdpf55_codeigniter4\ci1\system\BaseModel.php(662): CodeIgniter\Model->doFirst()
#6 D:\php\htdocs\wdpf55_codeigniter\wdpf55_codeigniter4\ci1\app\Controllers\Signin.php(51): CodeIgniter\BaseModel->first()
#7 D:\php\htdocs\wdpf55_codeigniter\wdpf55_codeigniter4\ci1\system\CodeIgniter.php(942): App\Controllers\Signin->login()
#8 D:\php\htdocs\wdpf55_codeigniter\wdpf55_codeigniter4\ci1\system\CodeIgniter.php(502): CodeIgniter\CodeIgniter->runController(Object(App\Controllers\Signin))
#9 D:\php\htdocs\wdpf55_codeigniter\wdpf55_codeigniter4\ci1\system\CodeIgniter.php(361): CodeIgniter\CodeIgniter->handleRequest(NULL, Object(Config\Cache), false)
#10 D:\php\htdocs\wdpf55_codeigniter\wdpf55_codeigniter4\ci1\public\index.php(79): CodeIgniter\CodeIgniter->run()
#11 D:\php\htdocs\wdpf55_codeigniter\wdpf55_codeigniter4\ci1\system\Commands\Server\rewrite.php(47): require_once('D:\\php\\htdocs\\w...')
#12 {main}

Next CodeIgniter\Database\Exceptions\DatabaseException: No connection could be made because the target machine actively refused it.
 in D:\php\htdocs\wdpf55_codeigniter\wdpf55_codeigniter4\ci1\system\Database\MySQLi\Connection.php:229
Stack trace:
#0 D:\php\htdocs\wdpf55_codeigniter\wdpf55_codeigniter4\ci1\system\Database\BaseConnection.php(392): CodeIgniter\Database\MySQLi\Connection->connect(false)
#1 D:\php\htdocs\wdpf55_codeigniter\wdpf55_codeigniter4\ci1\system\Database\BaseConnection.php(575): CodeIgniter\Database\BaseConnection->initialize()
#2 D:\php\htdocs\wdpf55_codeigniter\wdpf55_codeigniter4\ci1\system\Database\BaseBuilder.php(1615): CodeIgniter\Database\BaseConnection->query('SELECT *\nFROM `...', Array, false)
#3 D:\php\htdocs\wdpf55_codeigniter\wdpf55_codeigniter4\ci1\system\Model.php(264): CodeIgniter\Database\BaseBuilder->get()
#4 D:\php\htdocs\wdpf55_codeigniter\wdpf55_codeigniter4\ci1\system\BaseModel.php(662): CodeIgniter\Model->doFirst()
#5 D:\php\htdocs\wdpf55_codeigniter\wdpf55_codeigniter4\ci1\app\Controllers\Signin.php(51): CodeIgniter\BaseModel->first()
#6 D:\php\htdocs\wdpf55_codeigniter\wdpf55_codeigniter4\ci1\system\CodeIgniter.php(942): App\Controllers\Signin->login()
#7 D:\php\htdocs\wdpf55_codeigniter\wdpf55_codeigniter4\ci1\system\CodeIgniter.php(502): CodeIgniter\CodeIgniter->runController(Object(App\Controllers\Signin))
#8 D:\php\htdocs\wdpf55_codeigniter\wdpf55_codeigniter4\ci1\system\CodeIgniter.php(361): CodeIgniter\CodeIgniter->handleRequest(NULL, Object(Config\Cache), false)
#9 D:\php\htdocs\wdpf55_codeigniter\wdpf55_codeigniter4\ci1\public\index.php(79): CodeIgniter\CodeIgniter->run()
#10 D:\php\htdocs\wdpf55_codeigniter\wdpf55_codeigniter4\ci1\system\Commands\Server\rewrite.php(47): require_once('D:\\php\\htdocs\\w...')
#11 {main}
CRITICAL - 2023-12-11 03:16:57 --> Unable to connect to the database.
Main connection [MySQLi]: No connection could be made because the target machine actively refused it.

in SYSTEMPATH\Database\BaseConnection.php on line 428.
 1 SYSTEMPATH\Database\BaseConnection.php(575): CodeIgniter\Database\BaseConnection->initialize()
 2 SYSTEMPATH\Database\BaseBuilder.php(1615): CodeIgniter\Database\BaseConnection->query('SELECT *
FROM `users`
WHERE `email` = :email:
 LIMIT 1', [...], false)
 3 SYSTEMPATH\Model.php(264): CodeIgniter\Database\BaseBuilder->get()
 4 SYSTEMPATH\BaseModel.php(662): CodeIgniter\Model->doFirst()
 5 APPPATH\Controllers\Signin.php(51): CodeIgniter\BaseModel->first()
 6 SYSTEMPATH\CodeIgniter.php(942): App\Controllers\Signin->login()
 7 SYSTEMPATH\CodeIgniter.php(502): CodeIgniter\CodeIgniter->runController(Object(App\Controllers\Signin))
 8 SYSTEMPATH\CodeIgniter.php(361): CodeIgniter\CodeIgniter->handleRequest(null, Object(Config\Cache), false)
 9 FCPATH\index.php(79): CodeIgniter\CodeIgniter->run()
10 SYSTEMPATH\Commands\Server\rewrite.php(47): require_once('D:\\php\\htdocs\\wdpf55_codeigniter\\wdpf55_codeigniter4\\ci1\\public\\index.php')
INFO - 2023-12-11 03:17:49 --> Session: Class initialized using 'CodeIgniter\Session\Handlers\FileHandler' driver.
INFO - 2023-12-11 03:17:50 --> Session: Class initialized using 'CodeIgniter\Session\Handlers\FileHandler' driver.
INFO - 2023-12-11 03:17:55 --> Session: Class initialized using 'CodeIgniter\Session\Handlers\FileHandler' driver.
INFO - 2023-12-11 03:17:59 --> Session: Class initialized using 'CodeIgniter\Session\Handlers\FileHandler' driver.
INFO - 2023-12-11 03:18:41 --> Session: Class initialized using 'CodeIgniter\Session\Handlers\FileHandler' driver.
INFO - 2023-12-11 03:18:45 --> Session: Class initialized using 'CodeIgniter\Session\Handlers\FileHandler' driver.
INFO - 2023-12-11 03:18:46 --> Session: Class initialized using 'CodeIgniter\Session\Handlers\FileHandler' driver.
INFO - 2023-12-11 03:24:45 --> Session: Class initialized using 'CodeIgniter\Session\Handlers\FileHandler' driver.
INFO - 2023-12-11 03:50:03 --> Session: Class initialized using 'CodeIgniter\Session\Handlers\FileHandler' driver.
INFO - 2023-12-11 04:07:17 --> Session: Class initialized using 'CodeIgniter\Session\Handlers\FileHandler' driver.
CRITICAL - 2023-12-11 04:16:03 --> Undefined variable: Route
in APPPATH\Config\Routes.php on line 36.
 1 APPPATH\Config\Routes.php(36): CodeIgniter\Debug\Exceptions->errorHandler(8, 'Undefined variable: Route', 'D:\\php\\htdocs\\wdpf55_codeigniter\\wdpf55_codeigniter4\\ci1\\app\\Config\\Routes.php', 36, [...])
 2 SYSTEMPATH\Router\RouteCollection.php(344): require('D:\\php\\htdocs\\wdpf55_codeigniter\\wdpf55_codeigniter4\\ci1\\app\\Config\\Routes.php')
 3 SYSTEMPATH\CodeIgniter.php(810): CodeIgniter\Router\RouteCollection->loadRoutes()
 4 SYSTEMPATH\CodeIgniter.php(450): CodeIgniter\CodeIgniter->tryToRouteIt(null)
 5 SYSTEMPATH\CodeIgniter.php(361): CodeIgniter\CodeIgniter->handleRequest(null, Object(Config\Cache), false)
 6 FCPATH\index.php(79): CodeIgniter\CodeIgniter->run()
 7 SYSTEMPATH\Commands\Server\rewrite.php(47): require_once('D:\\php\\htdocs\\wdpf55_codeigniter\\wdpf55_codeigniter4\\ci1\\public\\index.php')
CRITICAL - 2023-12-11 05:01:53 --> "cors" filter must have a matching alias defined.
in SYSTEMPATH\Filters\Filters.php on line 580.
 1 SYSTEMPATH\Filters\Filters.php(580): CodeIgniter\Filters\Exceptions\FilterException::forNoAlias('cors')
 2 SYSTEMPATH\Filters\Filters.php(263): CodeIgniter\Filters\Filters->processAliasesToClass('before')
 3 SYSTEMPATH\Filters\Filters.php(174): CodeIgniter\Filters\Filters->initialize('productsall')
 4 SYSTEMPATH\CodeIgniter.php(474): CodeIgniter\Filters\Filters->run('productsall', 'before')
 5 SYSTEMPATH\CodeIgniter.php(361): CodeIgniter\CodeIgniter->handleRequest(null, Object(Config\Cache), false)
 6 FCPATH\index.php(79): CodeIgniter\CodeIgniter->run()
 7 SYSTEMPATH\Commands\Server\rewrite.php(47): require_once('D:\\php\\htdocs\\wdpf55_codeigniter\\wdpf55_codeigniter4\\ci1\\public\\index.php')
CRITICAL - 2023-12-11 05:02:03 --> "cors" filter must have a matching alias defined.
in SYSTEMPATH\Filters\Filters.php on line 580.
 1 SYSTEMPATH\Filters\Filters.php(580): CodeIgniter\Filters\Exceptions\FilterException::forNoAlias('cors')
 2 SYSTEMPATH\Filters\Filters.php(263): CodeIgniter\Filters\Filters->processAliasesToClass('before')
 3 SYSTEMPATH\Filters\Filters.php(174): CodeIgniter\Filters\Filters->initialize('productsall')
 4 SYSTEMPATH\CodeIgniter.php(474): CodeIgniter\Filters\Filters->run('productsall', 'before')
 5 SYSTEMPATH\CodeIgniter.php(361): CodeIgniter\CodeIgniter->handleRequest(null, Object(Config\Cache), false)
 6 FCPATH\index.php(79): CodeIgniter\CodeIgniter->run()
 7 SYSTEMPATH\Commands\Server\rewrite.php(47): require_once('D:\\php\\htdocs\\wdpf55_codeigniter\\wdpf55_codeigniter4\\ci1\\public\\index.php')
CRITICAL - 2023-12-11 05:02:38 --> "cors" filter must have a matching alias defined.
in SYSTEMPATH\Filters\Filters.php on line 580.
 1 SYSTEMPATH\Filters\Filters.php(580): CodeIgniter\Filters\Exceptions\FilterException::forNoAlias('cors')
 2 SYSTEMPATH\Filters\Filters.php(263): CodeIgniter\Filters\Filters->processAliasesToClass('before')
 3 SYSTEMPATH\Filters\Filters.php(174): CodeIgniter\Filters\Filters->initialize('productsall')
 4 SYSTEMPATH\CodeIgniter.php(474): CodeIgniter\Filters\Filters->run('productsall', 'before')
 5 SYSTEMPATH\CodeIgniter.php(361): CodeIgniter\CodeIgniter->handleRequest(null, Object(Config\Cache), false)
 6 FCPATH\index.php(79): CodeIgniter\CodeIgniter->run()
 7 SYSTEMPATH\Commands\Server\rewrite.php(47): require_once('D:\\php\\htdocs\\wdpf55_codeigniter\\wdpf55_codeigniter4\\ci1\\public\\index.php')
CRITICAL - 2023-12-11 05:02:39 --> "cors" filter must have a matching alias defined.
in SYSTEMPATH\Filters\Filters.php on line 580.
 1 SYSTEMPATH\Filters\Filters.php(580): CodeIgniter\Filters\Exceptions\FilterException::forNoAlias('cors')
 2 SYSTEMPATH\Filters\Filters.php(263): CodeIgniter\Filters\Filters->processAliasesToClass('before')
 3 SYSTEMPATH\Filters\Filters.php(174): CodeIgniter\Filters\Filters->initialize('productsall')
 4 SYSTEMPATH\CodeIgniter.php(474): CodeIgniter\Filters\Filters->run('productsall', 'before')
 5 SYSTEMPATH\CodeIgniter.php(361): CodeIgniter\CodeIgniter->handleRequest(null, Object(Config\Cache), false)
 6 FCPATH\index.php(79): CodeIgniter\CodeIgniter->run()
 7 SYSTEMPATH\Commands\Server\rewrite.php(47): require_once('D:\\php\\htdocs\\wdpf55_codeigniter\\wdpf55_codeigniter4\\ci1\\public\\index.php')
CRITICAL - 2023-12-11 05:02:47 --> "cors" filter must have a matching alias defined.
in SYSTEMPATH\Filters\Filters.php on line 580.
 1 SYSTEMPATH\Filters\Filters.php(580): CodeIgniter\Filters\Exceptions\FilterException::forNoAlias('cors')
 2 SYSTEMPATH\Filters\Filters.php(263): CodeIgniter\Filters\Filters->processAliasesToClass('before')
 3 SYSTEMPATH\Filters\Filters.php(174): CodeIgniter\Filters\Filters->initialize('productsall')
 4 SYSTEMPATH\CodeIgniter.php(474): CodeIgniter\Filters\Filters->run('productsall', 'before')
 5 SYSTEMPATH\CodeIgniter.php(361): CodeIgniter\CodeIgniter->handleRequest(null, Object(Config\Cache), false)
 6 FCPATH\index.php(79): CodeIgniter\CodeIgniter->run()
 7 SYSTEMPATH\Commands\Server\rewrite.php(47): require_once('D:\\php\\htdocs\\wdpf55_codeigniter\\wdpf55_codeigniter4\\ci1\\public\\index.php')
CRITICAL - 2023-12-11 05:22:16 --> "cors" filter must have a matching alias defined.
in SYSTEMPATH\Filters\Filters.php on line 580.
 1 SYSTEMPATH\Filters\Filters.php(580): CodeIgniter\Filters\Exceptions\FilterException::forNoAlias('cors')
 2 SYSTEMPATH\Filters\Filters.php(263): CodeIgniter\Filters\Filters->processAliasesToClass('before')
 3 SYSTEMPATH\Filters\Filters.php(174): CodeIgniter\Filters\Filters->initialize('productsall')
 4 SYSTEMPATH\CodeIgniter.php(474): CodeIgniter\Filters\Filters->run('productsall', 'before')
 5 SYSTEMPATH\CodeIgniter.php(361): CodeIgniter\CodeIgniter->handleRequest(null, Object(Config\Cache), false)
 6 FCPATH\index.php(79): CodeIgniter\CodeIgniter->run()
 7 SYSTEMPATH\Commands\Server\rewrite.php(47): require_once('D:\\php\\htdocs\\wdpf55_codeigniter\\wdpf55_codeigniter4\\ci1\\public\\index.php')
CRITICAL - 2023-12-11 05:22:17 --> "cors" filter must have a matching alias defined.
in SYSTEMPATH\Filters\Filters.php on line 580.
 1 SYSTEMPATH\Filters\Filters.php(580): CodeIgniter\Filters\Exceptions\FilterException::forNoAlias('cors')
 2 SYSTEMPATH\Filters\Filters.php(263): CodeIgniter\Filters\Filters->processAliasesToClass('before')
 3 SYSTEMPATH\Filters\Filters.php(174): CodeIgniter\Filters\Filters->initialize('productsall')
 4 SYSTEMPATH\CodeIgniter.php(474): CodeIgniter\Filters\Filters->run('productsall', 'before')
 5 SYSTEMPATH\CodeIgniter.php(361): CodeIgniter\CodeIgniter->handleRequest(null, Object(Config\Cache), false)
 6 FCPATH\index.php(79): CodeIgniter\CodeIgniter->run()
 7 SYSTEMPATH\Commands\Server\rewrite.php(47): require_once('D:\\php\\htdocs\\wdpf55_codeigniter\\wdpf55_codeigniter4\\ci1\\public\\index.php')
CRITICAL - 2023-12-11 05:22:37 --> "cors" filter must have a matching alias defined.
in SYSTEMPATH\Filters\Filters.php on line 580.
 1 SYSTEMPATH\Filters\Filters.php(580): CodeIgniter\Filters\Exceptions\FilterException::forNoAlias('cors')
 2 SYSTEMPATH\Filters\Filters.php(263): CodeIgniter\Filters\Filters->processAliasesToClass('before')
 3 SYSTEMPATH\Filters\Filters.php(174): CodeIgniter\Filters\Filters->initialize('productsall')
 4 SYSTEMPATH\CodeIgniter.php(474): CodeIgniter\Filters\Filters->run('productsall', 'before')
 5 SYSTEMPATH\CodeIgniter.php(361): CodeIgniter\CodeIgniter->handleRequest(null, Object(Config\Cache), false)
 6 FCPATH\index.php(79): CodeIgniter\CodeIgniter->run()
 7 SYSTEMPATH\Commands\Server\rewrite.php(47): require_once('D:\\php\\htdocs\\wdpf55_codeigniter\\wdpf55_codeigniter4\\ci1\\public\\index.php')
CRITICAL - 2023-12-11 05:22:38 --> "cors" filter must have a matching alias defined.
in SYSTEMPATH\Filters\Filters.php on line 580.
 1 SYSTEMPATH\Filters\Filters.php(580): CodeIgniter\Filters\Exceptions\FilterException::forNoAlias('cors')
 2 SYSTEMPATH\Filters\Filters.php(263): CodeIgniter\Filters\Filters->processAliasesToClass('before')
 3 SYSTEMPATH\Filters\Filters.php(174): CodeIgniter\Filters\Filters->initialize('productsall')
 4 SYSTEMPATH\CodeIgniter.php(474): CodeIgniter\Filters\Filters->run('productsall', 'before')
 5 SYSTEMPATH\CodeIgniter.php(361): CodeIgniter\CodeIgniter->handleRequest(null, Object(Config\Cache), false)
 6 FCPATH\index.php(79): CodeIgniter\CodeIgniter->run()
 7 SYSTEMPATH\Commands\Server\rewrite.php(47): require_once('D:\\php\\htdocs\\wdpf55_codeigniter\\wdpf55_codeigniter4\\ci1\\public\\index.php')
CRITICAL - 2023-12-11 05:23:08 --> "cors" filter must have a matching alias defined.
in SYSTEMPATH\Filters\Filters.php on line 580.
 1 SYSTEMPATH\Filters\Filters.php(580): CodeIgniter\Filters\Exceptions\FilterException::forNoAlias('cors')
 2 SYSTEMPATH\Filters\Filters.php(263): CodeIgniter\Filters\Filters->processAliasesToClass('before')
 3 SYSTEMPATH\Filters\Filters.php(174): CodeIgniter\Filters\Filters->initialize('productsall')
 4 SYSTEMPATH\CodeIgniter.php(474): CodeIgniter\Filters\Filters->run('productsall', 'before')
 5 SYSTEMPATH\CodeIgniter.php(361): CodeIgniter\CodeIgniter->handleRequest(null, Object(Config\Cache), false)
 6 FCPATH\index.php(79): CodeIgniter\CodeIgniter->run()
 7 SYSTEMPATH\Commands\Server\rewrite.php(47): require_once('D:\\php\\htdocs\\wdpf55_codeigniter\\wdpf55_codeigniter4\\ci1\\public\\index.php')
CRITICAL - 2023-12-11 05:23:17 --> "cors" filter must have a matching alias defined.
in SYSTEMPATH\Filters\Filters.php on line 580.
 1 SYSTEMPATH\Filters\Filters.php(580): CodeIgniter\Filters\Exceptions\FilterException::forNoAlias('cors')
 2 SYSTEMPATH\Filters\Filters.php(263): CodeIgniter\Filters\Filters->processAliasesToClass('before')
 3 SYSTEMPATH\Filters\Filters.php(174): CodeIgniter\Filters\Filters->initialize('productsall')
 4 SYSTEMPATH\CodeIgniter.php(474): CodeIgniter\Filters\Filters->run('productsall', 'before')
 5 SYSTEMPATH\CodeIgniter.php(361): CodeIgniter\CodeIgniter->handleRequest(null, Object(Config\Cache), false)
 6 FCPATH\index.php(79): CodeIgniter\CodeIgniter->run()
 7 SYSTEMPATH\Commands\Server\rewrite.php(47): require_once('D:\\php\\htdocs\\wdpf55_codeigniter\\wdpf55_codeigniter4\\ci1\\public\\index.php')
CRITICAL - 2023-12-11 05:23:17 --> "cors" filter must have a matching alias defined.
in SYSTEMPATH\Filters\Filters.php on line 580.
 1 SYSTEMPATH\Filters\Filters.php(580): CodeIgniter\Filters\Exceptions\FilterException::forNoAlias('cors')
 2 SYSTEMPATH\Filters\Filters.php(263): CodeIgniter\Filters\Filters->processAliasesToClass('before')
 3 SYSTEMPATH\Filters\Filters.php(174): CodeIgniter\Filters\Filters->initialize('productsall')
 4 SYSTEMPATH\CodeIgniter.php(474): CodeIgniter\Filters\Filters->run('productsall', 'before')
 5 SYSTEMPATH\CodeIgniter.php(361): CodeIgniter\CodeIgniter->handleRequest(null, Object(Config\Cache), false)
 6 FCPATH\index.php(79): CodeIgniter\CodeIgniter->run()
 7 SYSTEMPATH\Commands\Server\rewrite.php(47): require_once('D:\\php\\htdocs\\wdpf55_codeigniter\\wdpf55_codeigniter4\\ci1\\public\\index.php')
CRITICAL - 2023-12-11 05:25:14 --> "cors" filter must have a matching alias defined.
in SYSTEMPATH\Filters\Filters.php on line 580.
 1 SYSTEMPATH\Filters\Filters.php(580): CodeIgniter\Filters\Exceptions\FilterException::forNoAlias('cors')
 2 SYSTEMPATH\Filters\Filters.php(263): CodeIgniter\Filters\Filters->processAliasesToClass('before')
 3 SYSTEMPATH\Filters\Filters.php(174): CodeIgniter\Filters\Filters->initialize('productsall')
 4 SYSTEMPATH\CodeIgniter.php(474): CodeIgniter\Filters\Filters->run('productsall', 'before')
 5 SYSTEMPATH\CodeIgniter.php(361): CodeIgniter\CodeIgniter->handleRequest(null, Object(Config\Cache), false)
 6 FCPATH\index.php(79): CodeIgniter\CodeIgniter->run()
 7 SYSTEMPATH\Commands\Server\rewrite.php(47): require_once('D:\\php\\htdocs\\wdpf55_codeigniter\\wdpf55_codeigniter4\\ci1\\public\\index.php')
INFO - 2023-12-11 06:33:05 --> Session: Class initialized using 'CodeIgniter\Session\Handlers\FileHandler' driver.
CRITICAL - 2023-12-11 06:33:05 --> Undefined index: product_id
in APPPATH\Views\products\index.php on line 96.
 1 APPPATH\Views\products\index.php(96): CodeIgniter\Debug\Exceptions->errorHandler(8, 'Undefined index: product_id', 'D:\\php\\htdocs\\wdpf55_codeigniter\\wdpf55_codeigniter4\\ci1\\app\\Views\\products\\index.php', 96, [...])
 2 SYSTEMPATH\View\View.php(228): include('D:\\php\\htdocs\\wdpf55_codeigniter\\wdpf55_codeigniter4\\ci1\\app\\Views\\products\\index.php')
 3 SYSTEMPATH\View\View.php(231): CodeIgniter\View\View->CodeIgniter\View\{closure}()
 4 SYSTEMPATH\Common.php(1190): CodeIgniter\View\View->render('products/index', [], true)
 5 APPPATH\Controllers\Products.php(82): view('products/index', [...])
 6 SYSTEMPATH\CodeIgniter.php(942): App\Controllers\Products->index()
 7 SYSTEMPATH\CodeIgniter.php(502): CodeIgniter\CodeIgniter->runController(Object(App\Controllers\Products))
 8 SYSTEMPATH\CodeIgniter.php(361): CodeIgniter\CodeIgniter->handleRequest(null, Object(Config\Cache), false)
 9 FCPATH\index.php(79): CodeIgniter\CodeIgniter->run()
10 SYSTEMPATH\Commands\Server\rewrite.php(47): require_once('D:\\php\\htdocs\\wdpf55_codeigniter\\wdpf55_codeigniter4\\ci1\\public\\index.php')
INFO - 2023-12-11 06:33:06 --> Session: Class initialized using 'CodeIgniter\Session\Handlers\FileHandler' driver.
CRITICAL - 2023-12-11 06:33:06 --> Undefined index: product_id
in APPPATH\Views\products\index.php on line 96.
 1 APPPATH\Views\products\index.php(96): CodeIgniter\Debug\Exceptions->errorHandler(8, 'Undefined index: product_id', 'D:\\php\\htdocs\\wdpf55_codeigniter\\wdpf55_codeigniter4\\ci1\\app\\Views\\products\\index.php', 96, [...])
 2 SYSTEMPATH\View\View.php(228): include('D:\\php\\htdocs\\wdpf55_codeigniter\\wdpf55_codeigniter4\\ci1\\app\\Views\\products\\index.php')
 3 SYSTEMPATH\View\View.php(231): CodeIgniter\View\View->CodeIgniter\View\{closure}()
 4 SYSTEMPATH\Common.php(1190): CodeIgniter\View\View->render('products/index', [], true)
 5 APPPATH\Controllers\Products.php(82): view('products/index', [...])
 6 SYSTEMPATH\CodeIgniter.php(942): App\Controllers\Products->index()
 7 SYSTEMPATH\CodeIgniter.php(502): CodeIgniter\CodeIgniter->runController(Object(App\Controllers\Products))
 8 SYSTEMPATH\CodeIgniter.php(361): CodeIgniter\CodeIgniter->handleRequest(null, Object(Config\Cache), false)
 9 FCPATH\index.php(79): CodeIgniter\CodeIgniter->run()
10 SYSTEMPATH\Commands\Server\rewrite.php(47): require_once('D:\\php\\htdocs\\wdpf55_codeigniter\\wdpf55_codeigniter4\\ci1\\public\\index.php')
INFO - 2023-12-11 06:33:16 --> Session: Class initialized using 'CodeIgniter\Session\Handlers\FileHandler' driver.
INFO - 2023-12-11 06:33:16 --> Session: Class initialized using 'CodeIgniter\Session\Handlers\FileHandler' driver.
INFO - 2023-12-11 06:33:26 --> Session: Class initialized using 'CodeIgniter\Session\Handlers\FileHandler' driver.
INFO - 2023-12-11 06:33:26 --> Session: Class initialized using 'CodeIgniter\Session\Handlers\FileHandler' driver.
INFO - 2023-12-11 06:33:28 --> Session: Class initialized using 'CodeIgniter\Session\Handlers\FileHandler' driver.
CRITICAL - 2023-12-11 06:33:28 --> Undefined index: product_id
in APPPATH\Views\products\index.php on line 96.
 1 APPPATH\Views\products\index.php(96): CodeIgniter\Debug\Exceptions->errorHandler(8, 'Undefined index: product_id', 'D:\\php\\htdocs\\wdpf55_codeigniter\\wdpf55_codeigniter4\\ci1\\app\\Views\\products\\index.php', 96, [...])
 2 SYSTEMPATH\View\View.php(228): include('D:\\php\\htdocs\\wdpf55_codeigniter\\wdpf55_codeigniter4\\ci1\\app\\Views\\products\\index.php')
 3 SYSTEMPATH\View\View.php(231): CodeIgniter\View\View->CodeIgniter\View\{closure}()
 4 SYSTEMPATH\Common.php(1190): CodeIgniter\View\View->render('products/index', [], true)
 5 APPPATH\Controllers\Products.php(82): view('products/index', [...])
 6 SYSTEMPATH\CodeIgniter.php(942): App\Controllers\Products->index()
 7 SYSTEMPATH\CodeIgniter.php(502): CodeIgniter\CodeIgniter->runController(Object(App\Controllers\Products))
 8 SYSTEMPATH\CodeIgniter.php(361): CodeIgniter\CodeIgniter->handleRequest(null, Object(Config\Cache), false)
 9 FCPATH\index.php(79): CodeIgniter\CodeIgniter->run()
10 SYSTEMPATH\Commands\Server\rewrite.php(47): require_once('D:\\php\\htdocs\\wdpf55_codeigniter\\wdpf55_codeigniter4\\ci1\\public\\index.php')
INFO - 2023-12-11 06:36:05 --> Session: Class initialized using 'CodeIgniter\Session\Handlers\FileHandler' driver.
CRITICAL - 2023-12-11 06:36:05 --> Undefined index: category
in APPPATH\Views\products\index.php on line 98.
 1 APPPATH\Views\products\index.php(98): CodeIgniter\Debug\Exceptions->errorHandler(8, 'Undefined index: category', 'D:\\php\\htdocs\\wdpf55_codeigniter\\wdpf55_codeigniter4\\ci1\\app\\Views\\products\\index.php', 98, [...])
 2 SYSTEMPATH\View\View.php(228): include('D:\\php\\htdocs\\wdpf55_codeigniter\\wdpf55_codeigniter4\\ci1\\app\\Views\\products\\index.php')
 3 SYSTEMPATH\View\View.php(231): CodeIgniter\View\View->CodeIgniter\View\{closure}()
 4 SYSTEMPATH\Common.php(1190): CodeIgniter\View\View->render('products/index', [], true)
 5 APPPATH\Controllers\Products.php(82): view('products/index', [...])
 6 SYSTEMPATH\CodeIgniter.php(942): App\Controllers\Products->index()
 7 SYSTEMPATH\CodeIgniter.php(502): CodeIgniter\CodeIgniter->runController(Object(App\Controllers\Products))
 8 SYSTEMPATH\CodeIgniter.php(361): CodeIgniter\CodeIgniter->handleRequest(null, Object(Config\Cache), false)
 9 FCPATH\index.php(79): CodeIgniter\CodeIgniter->run()
10 SYSTEMPATH\Commands\Server\rewrite.php(47): require_once('D:\\php\\htdocs\\wdpf55_codeigniter\\wdpf55_codeigniter4\\ci1\\public\\index.php')
INFO - 2023-12-11 06:36:48 --> Session: Class initialized using 'CodeIgniter\Session\Handlers\FileHandler' driver.
CRITICAL - 2023-12-11 06:36:48 --> Undefined index: product_id
in APPPATH\Views\products\index.php on line 103.
 1 APPPATH\Views\products\index.php(103): CodeIgniter\Debug\Exceptions->errorHandler(8, 'Undefined index: product_id', 'D:\\php\\htdocs\\wdpf55_codeigniter\\wdpf55_codeigniter4\\ci1\\app\\Views\\products\\index.php', 103, [...])
 2 SYSTEMPATH\View\View.php(228): include('D:\\php\\htdocs\\wdpf55_codeigniter\\wdpf55_codeigniter4\\ci1\\app\\Views\\products\\index.php')
 3 SYSTEMPATH\View\View.php(231): CodeIgniter\View\View->CodeIgniter\View\{closure}()
 4 SYSTEMPATH\Common.php(1190): CodeIgniter\View\View->render('products/index', [], true)
 5 APPPATH\Controllers\Products.php(82): view('products/index', [...])
 6 SYSTEMPATH\CodeIgniter.php(942): App\Controllers\Products->index()
 7 SYSTEMPATH\CodeIgniter.php(502): CodeIgniter\CodeIgniter->runController(Object(App\Controllers\Products))
 8 SYSTEMPATH\CodeIgniter.php(361): CodeIgniter\CodeIgniter->handleRequest(null, Object(Config\Cache), false)
 9 FCPATH\index.php(79): CodeIgniter\CodeIgniter->run()
10 SYSTEMPATH\Commands\Server\rewrite.php(47): require_once('D:\\php\\htdocs\\wdpf55_codeigniter\\wdpf55_codeigniter4\\ci1\\public\\index.php')
INFO - 2023-12-11 06:37:33 --> Session: Class initialized using 'CodeIgniter\Session\Handlers\FileHandler' driver.
ERROR - 2023-12-11 06:37:38 --> mysqli_sql_exception: Unknown column 'products.product_id' in 'where clause' in D:\php\htdocs\wdpf55_codeigniter\wdpf55_codeigniter4\ci1\system\Database\MySQLi\Connection.php:306
Stack trace:
#0 D:\php\htdocs\wdpf55_codeigniter\wdpf55_codeigniter4\ci1\system\Database\MySQLi\Connection.php(306): mysqli->query('SELECT *\nFROM `...', 0)
#1 D:\php\htdocs\wdpf55_codeigniter\wdpf55_codeigniter4\ci1\system\Database\BaseConnection.php(693): CodeIgniter\Database\MySQLi\Connection->execute('SELECT *\nFROM `...')
#2 D:\php\htdocs\wdpf55_codeigniter\wdpf55_codeigniter4\ci1\system\Database\BaseConnection.php(607): CodeIgniter\Database\BaseConnection->simpleQuery('SELECT *\nFROM `...')
#3 D:\php\htdocs\wdpf55_codeigniter\wdpf55_codeigniter4\ci1\system\Database\BaseBuilder.php(1615): CodeIgniter\Database\BaseConnection->query('SELECT *\nFROM `...', Array, false)
#4 D:\php\htdocs\wdpf55_codeigniter\wdpf55_codeigniter4\ci1\system\Model.php(196): CodeIgniter\Database\BaseBuilder->get()
#5 D:\php\htdocs\wdpf55_codeigniter\wdpf55_codeigniter4\ci1\system\BaseModel.php(563): CodeIgniter\Model->doFind(true, '1')
#6 D:\php\htdocs\wdpf55_codeigniter\wdpf55_codeigniter4\ci1\app\Controllers\Products.php(127): CodeIgniter\BaseModel->find('1')
#7 D:\php\htdocs\wdpf55_codeigniter\wdpf55_codeigniter4\ci1\system\CodeIgniter.php(942): App\Controllers\Products->edit('1')
#8 D:\php\htdocs\wdpf55_codeigniter\wdpf55_codeigniter4\ci1\system\CodeIgniter.php(502): CodeIgniter\CodeIgniter->runController(Object(App\Controllers\Products))
#9 D:\php\htdocs\wdpf55_codeigniter\wdpf55_codeigniter4\ci1\system\CodeIgniter.php(361): CodeIgniter\CodeIgniter->handleRequest(NULL, Object(Config\Cache), false)
#10 D:\php\htdocs\wdpf55_codeigniter\wdpf55_codeigniter4\ci1\public\index.php(79): CodeIgniter\CodeIgniter->run()
#11 D:\php\htdocs\wdpf55_codeigniter\wdpf55_codeigniter4\ci1\system\Commands\Server\rewrite.php(47): require_once('D:\\php\\htdocs\\w...')
#12 {main}
CRITICAL - 2023-12-11 06:37:38 --> Unknown column 'products.product_id' in 'where clause'
in SYSTEMPATH\Database\BaseConnection.php on line 647.
 1 SYSTEMPATH\Database\BaseBuilder.php(1615): CodeIgniter\Database\BaseConnection->query('SELECT *
FROM `products`
WHERE `products`.`product_id` = :products.product_id:', [...], false)
 2 SYSTEMPATH\Model.php(196): CodeIgniter\Database\BaseBuilder->get()
 3 SYSTEMPATH\BaseModel.php(563): CodeIgniter\Model->doFind(true, '1')
 4 APPPATH\Controllers\Products.php(127): CodeIgniter\BaseModel->find('1')
 5 SYSTEMPATH\CodeIgniter.php(942): App\Controllers\Products->edit('1')
 6 SYSTEMPATH\CodeIgniter.php(502): CodeIgniter\CodeIgniter->runController(Object(App\Controllers\Products))
 7 SYSTEMPATH\CodeIgniter.php(361): CodeIgniter\CodeIgniter->handleRequest(null, Object(Config\Cache), false)
 8 FCPATH\index.php(79): CodeIgniter\CodeIgniter->run()
 9 SYSTEMPATH\Commands\Server\rewrite.php(47): require_once('D:\\php\\htdocs\\wdpf55_codeigniter\\wdpf55_codeigniter4\\ci1\\public\\index.php')
ERROR - 2023-12-11 06:40:54 --> mysqli_sql_exception: Unknown column 'products.product_id' in 'where clause' in D:\php\htdocs\wdpf55_codeigniter\wdpf55_codeigniter4\ci1\system\Database\MySQLi\Connection.php:306
Stack trace:
#0 D:\php\htdocs\wdpf55_codeigniter\wdpf55_codeigniter4\ci1\system\Database\MySQLi\Connection.php(306): mysqli->query('SELECT *\nFROM `...', 0)
#1 D:\php\htdocs\wdpf55_codeigniter\wdpf55_codeigniter4\ci1\system\Database\BaseConnection.php(693): CodeIgniter\Database\MySQLi\Connection->execute('SELECT *\nFROM `...')
#2 D:\php\htdocs\wdpf55_codeigniter\wdpf55_codeigniter4\ci1\system\Database\BaseConnection.php(607): CodeIgniter\Database\BaseConnection->simpleQuery('SELECT *\nFROM `...')
#3 D:\php\htdocs\wdpf55_codeigniter\wdpf55_codeigniter4\ci1\system\Database\BaseBuilder.php(1615): CodeIgniter\Database\BaseConnection->query('SELECT *\nFROM `...', Array, false)
#4 D:\php\htdocs\wdpf55_codeigniter\wdpf55_codeigniter4\ci1\system\Model.php(196): CodeIgniter\Database\BaseBuilder->get()
#5 D:\php\htdocs\wdpf55_codeigniter\wdpf55_codeigniter4\ci1\system\BaseModel.php(563): CodeIgniter\Model->doFind(true, '1')
#6 D:\php\htdocs\wdpf55_codeigniter\wdpf55_codeigniter4\ci1\app\Controllers\Products.php(127): CodeIgniter\BaseModel->find('1')
#7 D:\php\htdocs\wdpf55_codeigniter\wdpf55_codeigniter4\ci1\system\CodeIgniter.php(942): App\Controllers\Products->edit('1')
#8 D:\php\htdocs\wdpf55_codeigniter\wdpf55_codeigniter4\ci1\system\CodeIgniter.php(502): CodeIgniter\CodeIgniter->runController(Object(App\Controllers\Products))
#9 D:\php\htdocs\wdpf55_codeigniter\wdpf55_codeigniter4\ci1\system\CodeIgniter.php(361): CodeIgniter\CodeIgniter->handleRequest(NULL, Object(Config\Cache), false)
#10 D:\php\htdocs\wdpf55_codeigniter\wdpf55_codeigniter4\ci1\public\index.php(79): CodeIgniter\CodeIgniter->run()
#11 D:\php\htdocs\wdpf55_codeigniter\wdpf55_codeigniter4\ci1\system\Commands\Server\rewrite.php(47): require_once('D:\\php\\htdocs\\w...')
#12 {main}
CRITICAL - 2023-12-11 06:40:54 --> Unknown column 'products.product_id' in 'where clause'
in SYSTEMPATH\Database\BaseConnection.php on line 647.
 1 SYSTEMPATH\Database\BaseBuilder.php(1615): CodeIgniter\Database\BaseConnection->query('SELECT *
FROM `products`
WHERE `products`.`product_id` = :products.product_id:', [...], false)
 2 SYSTEMPATH\Model.php(196): CodeIgniter\Database\BaseBuilder->get()
 3 SYSTEMPATH\BaseModel.php(563): CodeIgniter\Model->doFind(true, '1')
 4 APPPATH\Controllers\Products.php(127): CodeIgniter\BaseModel->find('1')
 5 SYSTEMPATH\CodeIgniter.php(942): App\Controllers\Products->edit('1')
 6 SYSTEMPATH\CodeIgniter.php(502): CodeIgniter\CodeIgniter->runController(Object(App\Controllers\Products))
 7 SYSTEMPATH\CodeIgniter.php(361): CodeIgniter\CodeIgniter->handleRequest(null, Object(Config\Cache), false)
 8 FCPATH\index.php(79): CodeIgniter\CodeIgniter->run()
 9 SYSTEMPATH\Commands\Server\rewrite.php(47): require_once('D:\\php\\htdocs\\wdpf55_codeigniter\\wdpf55_codeigniter4\\ci1\\public\\index.php')
INFO - 2023-12-11 06:46:30 --> Session: Class initialized using 'CodeIgniter\Session\Handlers\FileHandler' driver.
CRITICAL - 2023-12-11 06:46:30 --> Undefined variable: category
in APPPATH\Views\products\edit.php on line 63.
 1 APPPATH\Views\products\edit.php(63): CodeIgniter\Debug\Exceptions->errorHandler(8, 'Undefined variable: category', 'D:\\php\\htdocs\\wdpf55_codeigniter\\wdpf55_codeigniter4\\ci1\\app\\Views\\products\\edit.php', 63, [...])
 2 SYSTEMPATH\View\View.php(228): include('D:\\php\\htdocs\\wdpf55_codeigniter\\wdpf55_codeigniter4\\ci1\\app\\Views\\products\\edit.php')
 3 SYSTEMPATH\View\View.php(231): CodeIgniter\View\View->CodeIgniter\View\{closure}()
 4 SYSTEMPATH\Common.php(1190): CodeIgniter\View\View->render('products/edit', [], true)
 5 APPPATH\Controllers\Products.php(128): view('products/edit', [...])
 6 SYSTEMPATH\CodeIgniter.php(942): App\Controllers\Products->edit('1')
 7 SYSTEMPATH\CodeIgniter.php(502): CodeIgniter\CodeIgniter->runController(Object(App\Controllers\Products))
 8 SYSTEMPATH\CodeIgniter.php(361): CodeIgniter\CodeIgniter->handleRequest(null, Object(Config\Cache), false)
 9 FCPATH\index.php(79): CodeIgniter\CodeIgniter->run()
10 SYSTEMPATH\Commands\Server\rewrite.php(47): require_once('D:\\php\\htdocs\\wdpf55_codeigniter\\wdpf55_codeigniter4\\ci1\\public\\index.php')
INFO - 2023-12-11 06:48:08 --> Session: Class initialized using 'CodeIgniter\Session\Handlers\FileHandler' driver.
INFO - 2023-12-11 06:48:13 --> Session: Class initialized using 'CodeIgniter\Session\Handlers\FileHandler' driver.
INFO - 2023-12-11 06:48:19 --> Session: Class initialized using 'CodeIgniter\Session\Handlers\FileHandler' driver.
INFO - 2023-12-11 06:48:21 --> Session: Class initialized using 'CodeIgniter\Session\Handlers\FileHandler' driver.
