ERROR - 2023-12-03 02:53:32 --> Error connecting to the database: mysqli_sql_exception: No connection could be made because the target machine actively refused it.
 in D:\php\htdocs\wdpf55_codeigniter\ci1\system\Database\MySQLi\Connection.php:185
Stack trace:
#0 D:\php\htdocs\wdpf55_codeigniter\ci1\system\Database\MySQLi\Connection.php(185): mysqli->real_connect('localhost', 'root', '', 'wdpf55_ci1', 3306, '', 0)
#1 D:\php\htdocs\wdpf55_codeigniter\ci1\system\Database\BaseConnection.php(392): CodeIgniter\Database\MySQLi\Connection->connect(false)
#2 D:\php\htdocs\wdpf55_codeigniter\ci1\system\Database\BaseConnection.php(575): CodeIgniter\Database\BaseConnection->initialize()
#3 D:\php\htdocs\wdpf55_codeigniter\ci1\system\Database\BaseBuilder.php(1615): CodeIgniter\Database\BaseConnection->query('SELECT *\nFROM `...', Array, false)
#4 D:\php\htdocs\wdpf55_codeigniter\ci1\system\Model.php(237): CodeIgniter\Database\BaseBuilder->get()
#5 D:\php\htdocs\wdpf55_codeigniter\ci1\system\BaseModel.php(624): CodeIgniter\Model->doFindAll(0, 0)
#6 D:\php\htdocs\wdpf55_codeigniter\ci1\app\Controllers\Products.php(17): CodeIgniter\BaseModel->findAll()
#7 D:\php\htdocs\wdpf55_codeigniter\ci1\system\CodeIgniter.php(942): App\Controllers\Products->index()
#8 D:\php\htdocs\wdpf55_codeigniter\ci1\system\CodeIgniter.php(502): CodeIgniter\CodeIgniter->runController(Object(App\Controllers\Products))
#9 D:\php\htdocs\wdpf55_codeigniter\ci1\system\CodeIgniter.php(361): CodeIgniter\CodeIgniter->handleRequest(NULL, Object(Config\Cache), false)
#10 D:\php\htdocs\wdpf55_codeigniter\ci1\public\index.php(79): CodeIgniter\CodeIgniter->run()
#11 D:\php\htdocs\wdpf55_codeigniter\ci1\system\Commands\Server\rewrite.php(47): require_once('D:\\php\\htdocs\\w...')
#12 {main}

Next CodeIgniter\Database\Exceptions\DatabaseException: No connection could be made because the target machine actively refused it.
 in D:\php\htdocs\wdpf55_codeigniter\ci1\system\Database\MySQLi\Connection.php:229
Stack trace:
#0 D:\php\htdocs\wdpf55_codeigniter\ci1\system\Database\BaseConnection.php(392): CodeIgniter\Database\MySQLi\Connection->connect(false)
#1 D:\php\htdocs\wdpf55_codeigniter\ci1\system\Database\BaseConnection.php(575): CodeIgniter\Database\BaseConnection->initialize()
#2 D:\php\htdocs\wdpf55_codeigniter\ci1\system\Database\BaseBuilder.php(1615): CodeIgniter\Database\BaseConnection->query('SELECT *\nFROM `...', Array, false)
#3 D:\php\htdocs\wdpf55_codeigniter\ci1\system\Model.php(237): CodeIgniter\Database\BaseBuilder->get()
#4 D:\php\htdocs\wdpf55_codeigniter\ci1\system\BaseModel.php(624): CodeIgniter\Model->doFindAll(0, 0)
#5 D:\php\htdocs\wdpf55_codeigniter\ci1\app\Controllers\Products.php(17): CodeIgniter\BaseModel->findAll()
#6 D:\php\htdocs\wdpf55_codeigniter\ci1\system\CodeIgniter.php(942): App\Controllers\Products->index()
#7 D:\php\htdocs\wdpf55_codeigniter\ci1\system\CodeIgniter.php(502): CodeIgniter\CodeIgniter->runController(Object(App\Controllers\Products))
#8 D:\php\htdocs\wdpf55_codeigniter\ci1\system\CodeIgniter.php(361): CodeIgniter\CodeIgniter->handleRequest(NULL, Object(Config\Cache), false)
#9 D:\php\htdocs\wdpf55_codeigniter\ci1\public\index.php(79): CodeIgniter\CodeIgniter->run()
#10 D:\php\htdocs\wdpf55_codeigniter\ci1\system\Commands\Server\rewrite.php(47): require_once('D:\\php\\htdocs\\w...')
#11 {main}
CRITICAL - 2023-12-03 02:53:32 --> Unable to connect to the database.
Main connection [MySQLi]: No connection could be made because the target machine actively refused it.

in SYSTEMPATH\Database\BaseConnection.php on line 428.
 1 SYSTEMPATH\Database\BaseConnection.php(575): CodeIgniter\Database\BaseConnection->initialize()
 2 SYSTEMPATH\Database\BaseBuilder.php(1615): CodeIgniter\Database\BaseConnection->query('SELECT *
FROM `products`', [], false)
 3 SYSTEMPATH\Model.php(237): CodeIgniter\Database\BaseBuilder->get()
 4 SYSTEMPATH\BaseModel.php(624): CodeIgniter\Model->doFindAll(0, 0)
 5 APPPATH\Controllers\Products.php(17): CodeIgniter\BaseModel->findAll()
 6 SYSTEMPATH\CodeIgniter.php(942): App\Controllers\Products->index()
 7 SYSTEMPATH\CodeIgniter.php(502): CodeIgniter\CodeIgniter->runController(Object(App\Controllers\Products))
 8 SYSTEMPATH\CodeIgniter.php(361): CodeIgniter\CodeIgniter->handleRequest(null, Object(Config\Cache), false)
 9 FCPATH\index.php(79): CodeIgniter\CodeIgniter->run()
10 SYSTEMPATH\Commands\Server\rewrite.php(47): require_once('D:\\php\\htdocs\\wdpf55_codeigniter\\ci1\\public\\index.php')
CRITICAL - 2023-12-03 03:58:14 --> Invalid argument supplied for foreach()
in APPPATH\Views\products\create.php on line 89.
 1 APPPATH\Views\products\create.php(89): CodeIgniter\Debug\Exceptions->errorHandler(2, 'Invalid argument supplied for foreach()', 'D:\\php\\htdocs\\wdpf55_codeigniter\\ci1\\app\\Views\\products\\create.php', 89, [])
 2 SYSTEMPATH\View\View.php(228): include('D:\\php\\htdocs\\wdpf55_codeigniter\\ci1\\app\\Views\\products\\create.php')
 3 SYSTEMPATH\View\View.php(231): CodeIgniter\View\View->CodeIgniter\View\{closure}()
 4 SYSTEMPATH\Common.php(1190): CodeIgniter\View\View->render('products/create', [], true)
 5 APPPATH\Controllers\Products.php(23): view('products/create')
 6 SYSTEMPATH\CodeIgniter.php(942): App\Controllers\Products->create()
 7 SYSTEMPATH\CodeIgniter.php(502): CodeIgniter\CodeIgniter->runController(Object(App\Controllers\Products))
 8 SYSTEMPATH\CodeIgniter.php(361): CodeIgniter\CodeIgniter->handleRequest(null, Object(Config\Cache), false)
 9 FCPATH\index.php(79): CodeIgniter\CodeIgniter->run()
10 SYSTEMPATH\Commands\Server\rewrite.php(47): require_once('D:\\php\\htdocs\\wdpf55_codeigniter\\ci1\\public\\index.php')
CRITICAL - 2023-12-03 03:58:25 --> Invalid argument supplied for foreach()
in APPPATH\Views\products\create.php on line 89.
 1 APPPATH\Views\products\create.php(89): CodeIgniter\Debug\Exceptions->errorHandler(2, 'Invalid argument supplied for foreach()', 'D:\\php\\htdocs\\wdpf55_codeigniter\\ci1\\app\\Views\\products\\create.php', 89, [])
 2 SYSTEMPATH\View\View.php(228): include('D:\\php\\htdocs\\wdpf55_codeigniter\\ci1\\app\\Views\\products\\create.php')
 3 SYSTEMPATH\View\View.php(231): CodeIgniter\View\View->CodeIgniter\View\{closure}()
 4 SYSTEMPATH\Common.php(1190): CodeIgniter\View\View->render('products/create', [], true)
 5 APPPATH\Controllers\Products.php(23): view('products/create')
 6 SYSTEMPATH\CodeIgniter.php(942): App\Controllers\Products->create()
 7 SYSTEMPATH\CodeIgniter.php(502): CodeIgniter\CodeIgniter->runController(Object(App\Controllers\Products))
 8 SYSTEMPATH\CodeIgniter.php(361): CodeIgniter\CodeIgniter->handleRequest(null, Object(Config\Cache), false)
 9 FCPATH\index.php(79): CodeIgniter\CodeIgniter->run()
10 SYSTEMPATH\Commands\Server\rewrite.php(47): require_once('D:\\php\\htdocs\\wdpf55_codeigniter\\ci1\\public\\index.php')
CRITICAL - 2023-12-03 03:58:32 --> Invalid argument supplied for foreach()
in APPPATH\Views\products\create.php on line 89.
 1 APPPATH\Views\products\create.php(89): CodeIgniter\Debug\Exceptions->errorHandler(2, 'Invalid argument supplied for foreach()', 'D:\\php\\htdocs\\wdpf55_codeigniter\\ci1\\app\\Views\\products\\create.php', 89, [])
 2 SYSTEMPATH\View\View.php(228): include('D:\\php\\htdocs\\wdpf55_codeigniter\\ci1\\app\\Views\\products\\create.php')
 3 SYSTEMPATH\View\View.php(231): CodeIgniter\View\View->CodeIgniter\View\{closure}()
 4 SYSTEMPATH\Common.php(1190): CodeIgniter\View\View->render('products/create', [], true)
 5 APPPATH\Controllers\Products.php(23): view('products/create')
 6 SYSTEMPATH\CodeIgniter.php(942): App\Controllers\Products->create()
 7 SYSTEMPATH\CodeIgniter.php(502): CodeIgniter\CodeIgniter->runController(Object(App\Controllers\Products))
 8 SYSTEMPATH\CodeIgniter.php(361): CodeIgniter\CodeIgniter->handleRequest(null, Object(Config\Cache), false)
 9 FCPATH\index.php(79): CodeIgniter\CodeIgniter->run()
10 SYSTEMPATH\Commands\Server\rewrite.php(47): require_once('D:\\php\\htdocs\\wdpf55_codeigniter\\ci1\\public\\index.php')
CRITICAL - 2023-12-03 04:00:07 --> Invalid argument supplied for foreach()
in APPPATH\Views\products\create.php on line 89.
 1 APPPATH\Views\products\create.php(89): CodeIgniter\Debug\Exceptions->errorHandler(2, 'Invalid argument supplied for foreach()', 'D:\\php\\htdocs\\wdpf55_codeigniter\\ci1\\app\\Views\\products\\create.php', 89, [])
 2 SYSTEMPATH\View\View.php(228): include('D:\\php\\htdocs\\wdpf55_codeigniter\\ci1\\app\\Views\\products\\create.php')
 3 SYSTEMPATH\View\View.php(231): CodeIgniter\View\View->CodeIgniter\View\{closure}()
 4 SYSTEMPATH\Common.php(1190): CodeIgniter\View\View->render('products/create', [], true)
 5 APPPATH\Controllers\Products.php(23): view('products/create')
 6 SYSTEMPATH\CodeIgniter.php(942): App\Controllers\Products->create()
 7 SYSTEMPATH\CodeIgniter.php(502): CodeIgniter\CodeIgniter->runController(Object(App\Controllers\Products))
 8 SYSTEMPATH\CodeIgniter.php(361): CodeIgniter\CodeIgniter->handleRequest(null, Object(Config\Cache), false)
 9 FCPATH\index.php(79): CodeIgniter\CodeIgniter->run()
10 SYSTEMPATH\Commands\Server\rewrite.php(47): require_once('D:\\php\\htdocs\\wdpf55_codeigniter\\ci1\\public\\index.php')
CRITICAL - 2023-12-03 04:00:09 --> Invalid argument supplied for foreach()
in APPPATH\Views\products\create.php on line 89.
 1 APPPATH\Views\products\create.php(89): CodeIgniter\Debug\Exceptions->errorHandler(2, 'Invalid argument supplied for foreach()', 'D:\\php\\htdocs\\wdpf55_codeigniter\\ci1\\app\\Views\\products\\create.php', 89, [])
 2 SYSTEMPATH\View\View.php(228): include('D:\\php\\htdocs\\wdpf55_codeigniter\\ci1\\app\\Views\\products\\create.php')
 3 SYSTEMPATH\View\View.php(231): CodeIgniter\View\View->CodeIgniter\View\{closure}()
 4 SYSTEMPATH\Common.php(1190): CodeIgniter\View\View->render('products/create', [], true)
 5 APPPATH\Controllers\Products.php(23): view('products/create')
 6 SYSTEMPATH\CodeIgniter.php(942): App\Controllers\Products->create()
 7 SYSTEMPATH\CodeIgniter.php(502): CodeIgniter\CodeIgniter->runController(Object(App\Controllers\Products))
 8 SYSTEMPATH\CodeIgniter.php(361): CodeIgniter\CodeIgniter->handleRequest(null, Object(Config\Cache), false)
 9 FCPATH\index.php(79): CodeIgniter\CodeIgniter->run()
10 SYSTEMPATH\Commands\Server\rewrite.php(47): require_once('D:\\php\\htdocs\\wdpf55_codeigniter\\ci1\\public\\index.php')
CRITICAL - 2023-12-03 04:57:54 --> Allowed fields must be specified for model: "App\Models\ProductModel"
in SYSTEMPATH\Model.php on line 736.
 1 SYSTEMPATH\Model.php(736): CodeIgniter\Database\Exceptions\DataException::forInvalidAllowedFields('App\\Models\\ProductModel')
 2 SYSTEMPATH\BaseModel.php(763): CodeIgniter\Model->doProtectFieldsForInsert([...])
 3 SYSTEMPATH\Model.php(715): CodeIgniter\BaseModel->insert([...], true)
 4 APPPATH\Controllers\Products.php(35): CodeIgniter\Model->insert([...])
 5 SYSTEMPATH\CodeIgniter.php(942): App\Controllers\Products->store()
 6 SYSTEMPATH\CodeIgniter.php(502): CodeIgniter\CodeIgniter->runController(Object(App\Controllers\Products))
 7 SYSTEMPATH\CodeIgniter.php(361): CodeIgniter\CodeIgniter->handleRequest(null, Object(Config\Cache), false)
 8 FCPATH\index.php(79): CodeIgniter\CodeIgniter->run()
 9 SYSTEMPATH\Commands\Server\rewrite.php(47): require_once('D:\\php\\htdocs\\wdpf55_codeigniter\\ci1\\public\\index.php')
CRITICAL - 2023-12-03 05:00:42 --> syntax error, unexpected '}', expecting ';'
in APPPATH\Controllers\Products.php on line 38.
 1 SYSTEMPATH\Autoloader\Autoloader.php(291): CodeIgniter\Autoloader\Autoloader->includeFile('D:\\php\\htdocs\\wdpf55_codeigniter\\ci1\\app\\Controllers\\Products.php')
 2 SYSTEMPATH\Autoloader\Autoloader.php(269): CodeIgniter\Autoloader\Autoloader->loadInNamespace('App\\Controllers\\Products')
 3 [internal function]: CodeIgniter\Autoloader\Autoloader->loadClass('App\\Controllers\\Products')
 4 [internal function]: spl_autoload_call('App\\Controllers\\Products')
 5 SYSTEMPATH\CodeIgniter.php(900): class_exists('\\App\\Controllers\\Products', true)
 6 SYSTEMPATH\CodeIgniter.php(489): CodeIgniter\CodeIgniter->startController()
 7 SYSTEMPATH\CodeIgniter.php(361): CodeIgniter\CodeIgniter->handleRequest(null, Object(Config\Cache), false)
 8 FCPATH\index.php(79): CodeIgniter\CodeIgniter->run()
 9 SYSTEMPATH\Commands\Server\rewrite.php(47): require_once('D:\\php\\htdocs\\wdpf55_codeigniter\\ci1\\public\\index.php')
CRITICAL - 2023-12-03 05:00:43 --> syntax error, unexpected '}', expecting ';'
in APPPATH\Controllers\Products.php on line 38.
 1 SYSTEMPATH\Autoloader\Autoloader.php(291): CodeIgniter\Autoloader\Autoloader->includeFile('D:\\php\\htdocs\\wdpf55_codeigniter\\ci1\\app\\Controllers\\Products.php')
 2 SYSTEMPATH\Autoloader\Autoloader.php(269): CodeIgniter\Autoloader\Autoloader->loadInNamespace('App\\Controllers\\Products')
 3 [internal function]: CodeIgniter\Autoloader\Autoloader->loadClass('App\\Controllers\\Products')
 4 [internal function]: spl_autoload_call('App\\Controllers\\Products')
 5 SYSTEMPATH\CodeIgniter.php(900): class_exists('\\App\\Controllers\\Products', true)
 6 SYSTEMPATH\CodeIgniter.php(489): CodeIgniter\CodeIgniter->startController()
 7 SYSTEMPATH\CodeIgniter.php(361): CodeIgniter\CodeIgniter->handleRequest(null, Object(Config\Cache), false)
 8 FCPATH\index.php(79): CodeIgniter\CodeIgniter->run()
 9 SYSTEMPATH\Commands\Server\rewrite.php(47): require_once('D:\\php\\htdocs\\wdpf55_codeigniter\\ci1\\public\\index.php')
CRITICAL - 2023-12-03 05:00:47 --> syntax error, unexpected '}', expecting ';'
in APPPATH\Controllers\Products.php on line 38.
 1 SYSTEMPATH\Autoloader\Autoloader.php(291): CodeIgniter\Autoloader\Autoloader->includeFile('D:\\php\\htdocs\\wdpf55_codeigniter\\ci1\\app\\Controllers\\Products.php')
 2 SYSTEMPATH\Autoloader\Autoloader.php(269): CodeIgniter\Autoloader\Autoloader->loadInNamespace('App\\Controllers\\Products')
 3 [internal function]: CodeIgniter\Autoloader\Autoloader->loadClass('App\\Controllers\\Products')
 4 [internal function]: spl_autoload_call('App\\Controllers\\Products')
 5 SYSTEMPATH\CodeIgniter.php(900): class_exists('\\App\\Controllers\\Products', true)
 6 SYSTEMPATH\CodeIgniter.php(489): CodeIgniter\CodeIgniter->startController()
 7 SYSTEMPATH\CodeIgniter.php(361): CodeIgniter\CodeIgniter->handleRequest(null, Object(Config\Cache), false)
 8 FCPATH\index.php(79): CodeIgniter\CodeIgniter->run()
 9 SYSTEMPATH\Commands\Server\rewrite.php(47): require_once('D:\\php\\htdocs\\wdpf55_codeigniter\\ci1\\public\\index.php')
CRITICAL - 2023-12-03 05:00:47 --> syntax error, unexpected '}', expecting ';'
in APPPATH\Controllers\Products.php on line 38.
 1 SYSTEMPATH\Autoloader\Autoloader.php(291): CodeIgniter\Autoloader\Autoloader->includeFile('D:\\php\\htdocs\\wdpf55_codeigniter\\ci1\\app\\Controllers\\Products.php')
 2 SYSTEMPATH\Autoloader\Autoloader.php(269): CodeIgniter\Autoloader\Autoloader->loadInNamespace('App\\Controllers\\Products')
 3 [internal function]: CodeIgniter\Autoloader\Autoloader->loadClass('App\\Controllers\\Products')
 4 [internal function]: spl_autoload_call('App\\Controllers\\Products')
 5 SYSTEMPATH\CodeIgniter.php(900): class_exists('\\App\\Controllers\\Products', true)
 6 SYSTEMPATH\CodeIgniter.php(489): CodeIgniter\CodeIgniter->startController()
 7 SYSTEMPATH\CodeIgniter.php(361): CodeIgniter\CodeIgniter->handleRequest(null, Object(Config\Cache), false)
 8 FCPATH\index.php(79): CodeIgniter\CodeIgniter->run()
 9 SYSTEMPATH\Commands\Server\rewrite.php(47): require_once('D:\\php\\htdocs\\wdpf55_codeigniter\\ci1\\public\\index.php')
CRITICAL - 2023-12-03 05:00:50 --> syntax error, unexpected '}', expecting ';'
in APPPATH\Controllers\Products.php on line 38.
 1 SYSTEMPATH\Autoloader\Autoloader.php(291): CodeIgniter\Autoloader\Autoloader->includeFile('D:\\php\\htdocs\\wdpf55_codeigniter\\ci1\\app\\Controllers\\Products.php')
 2 SYSTEMPATH\Autoloader\Autoloader.php(269): CodeIgniter\Autoloader\Autoloader->loadInNamespace('App\\Controllers\\Products')
 3 [internal function]: CodeIgniter\Autoloader\Autoloader->loadClass('App\\Controllers\\Products')
 4 [internal function]: spl_autoload_call('App\\Controllers\\Products')
 5 SYSTEMPATH\CodeIgniter.php(900): class_exists('\\App\\Controllers\\Products', true)
 6 SYSTEMPATH\CodeIgniter.php(489): CodeIgniter\CodeIgniter->startController()
 7 SYSTEMPATH\CodeIgniter.php(361): CodeIgniter\CodeIgniter->handleRequest(null, Object(Config\Cache), false)
 8 FCPATH\index.php(79): CodeIgniter\CodeIgniter->run()
 9 SYSTEMPATH\Commands\Server\rewrite.php(47): require_once('D:\\php\\htdocs\\wdpf55_codeigniter\\ci1\\public\\index.php')
CRITICAL - 2023-12-03 05:00:59 --> syntax error, unexpected '}', expecting ';'
in APPPATH\Controllers\Products.php on line 38.
 1 SYSTEMPATH\Autoloader\Autoloader.php(291): CodeIgniter\Autoloader\Autoloader->includeFile('D:\\php\\htdocs\\wdpf55_codeigniter\\ci1\\app\\Controllers\\Products.php')
 2 SYSTEMPATH\Autoloader\Autoloader.php(269): CodeIgniter\Autoloader\Autoloader->loadInNamespace('App\\Controllers\\Products')
 3 [internal function]: CodeIgniter\Autoloader\Autoloader->loadClass('App\\Controllers\\Products')
 4 [internal function]: spl_autoload_call('App\\Controllers\\Products')
 5 SYSTEMPATH\CodeIgniter.php(900): class_exists('\\App\\Controllers\\Products', true)
 6 SYSTEMPATH\CodeIgniter.php(489): CodeIgniter\CodeIgniter->startController()
 7 SYSTEMPATH\CodeIgniter.php(361): CodeIgniter\CodeIgniter->handleRequest(null, Object(Config\Cache), false)
 8 FCPATH\index.php(79): CodeIgniter\CodeIgniter->run()
 9 SYSTEMPATH\Commands\Server\rewrite.php(47): require_once('D:\\php\\htdocs\\wdpf55_codeigniter\\ci1\\public\\index.php')
CRITICAL - 2023-12-03 05:01:14 --> syntax error, unexpected '}', expecting ';'
in APPPATH\Controllers\Products.php on line 38.
 1 SYSTEMPATH\Autoloader\Autoloader.php(291): CodeIgniter\Autoloader\Autoloader->includeFile('D:\\php\\htdocs\\wdpf55_codeigniter\\ci1\\app\\Controllers\\Products.php')
 2 SYSTEMPATH\Autoloader\Autoloader.php(269): CodeIgniter\Autoloader\Autoloader->loadInNamespace('App\\Controllers\\Products')
 3 [internal function]: CodeIgniter\Autoloader\Autoloader->loadClass('App\\Controllers\\Products')
 4 [internal function]: spl_autoload_call('App\\Controllers\\Products')
 5 SYSTEMPATH\CodeIgniter.php(900): class_exists('\\App\\Controllers\\Products', true)
 6 SYSTEMPATH\CodeIgniter.php(489): CodeIgniter\CodeIgniter->startController()
 7 SYSTEMPATH\CodeIgniter.php(361): CodeIgniter\CodeIgniter->handleRequest(null, Object(Config\Cache), false)
 8 FCPATH\index.php(79): CodeIgniter\CodeIgniter->run()
 9 SYSTEMPATH\Commands\Server\rewrite.php(47): require_once('D:\\php\\htdocs\\wdpf55_codeigniter\\ci1\\public\\index.php')
CRITICAL - 2023-12-03 05:01:29 --> syntax error, unexpected '}', expecting ';'
in APPPATH\Controllers\Products.php on line 38.
 1 SYSTEMPATH\Autoloader\Autoloader.php(291): CodeIgniter\Autoloader\Autoloader->includeFile('D:\\php\\htdocs\\wdpf55_codeigniter\\ci1\\app\\Controllers\\Products.php')
 2 SYSTEMPATH\Autoloader\Autoloader.php(269): CodeIgniter\Autoloader\Autoloader->loadInNamespace('App\\Controllers\\Products')
 3 [internal function]: CodeIgniter\Autoloader\Autoloader->loadClass('App\\Controllers\\Products')
 4 [internal function]: spl_autoload_call('App\\Controllers\\Products')
 5 SYSTEMPATH\CodeIgniter.php(900): class_exists('\\App\\Controllers\\Products', true)
 6 SYSTEMPATH\CodeIgniter.php(489): CodeIgniter\CodeIgniter->startController()
 7 SYSTEMPATH\CodeIgniter.php(361): CodeIgniter\CodeIgniter->handleRequest(null, Object(Config\Cache), false)
 8 FCPATH\index.php(79): CodeIgniter\CodeIgniter->run()
 9 SYSTEMPATH\Commands\Server\rewrite.php(47): require_once('D:\\php\\htdocs\\wdpf55_codeigniter\\ci1\\public\\index.php')
CRITICAL - 2023-12-03 05:02:08 --> syntax error, unexpected '}', expecting ';'
in APPPATH\Controllers\Products.php on line 38.
 1 SYSTEMPATH\Autoloader\Autoloader.php(291): CodeIgniter\Autoloader\Autoloader->includeFile('D:\\php\\htdocs\\wdpf55_codeigniter\\ci1\\app\\Controllers\\Products.php')
 2 SYSTEMPATH\Autoloader\Autoloader.php(269): CodeIgniter\Autoloader\Autoloader->loadInNamespace('App\\Controllers\\Products')
 3 [internal function]: CodeIgniter\Autoloader\Autoloader->loadClass('App\\Controllers\\Products')
 4 [internal function]: spl_autoload_call('App\\Controllers\\Products')
 5 SYSTEMPATH\CodeIgniter.php(900): class_exists('\\App\\Controllers\\Products', true)
 6 SYSTEMPATH\CodeIgniter.php(489): CodeIgniter\CodeIgniter->startController()
 7 SYSTEMPATH\CodeIgniter.php(361): CodeIgniter\CodeIgniter->handleRequest(null, Object(Config\Cache), false)
 8 FCPATH\index.php(79): CodeIgniter\CodeIgniter->run()
 9 SYSTEMPATH\Commands\Server\rewrite.php(47): require_once('D:\\php\\htdocs\\wdpf55_codeigniter\\ci1\\public\\index.php')
CRITICAL - 2023-12-03 05:02:14 --> syntax error, unexpected '}', expecting ';'
in APPPATH\Controllers\Products.php on line 38.
 1 SYSTEMPATH\Autoloader\Autoloader.php(291): CodeIgniter\Autoloader\Autoloader->includeFile('D:\\php\\htdocs\\wdpf55_codeigniter\\ci1\\app\\Controllers\\Products.php')
 2 SYSTEMPATH\Autoloader\Autoloader.php(269): CodeIgniter\Autoloader\Autoloader->loadInNamespace('App\\Controllers\\Products')
 3 [internal function]: CodeIgniter\Autoloader\Autoloader->loadClass('App\\Controllers\\Products')
 4 [internal function]: spl_autoload_call('App\\Controllers\\Products')
 5 SYSTEMPATH\CodeIgniter.php(900): class_exists('\\App\\Controllers\\Products', true)
 6 SYSTEMPATH\CodeIgniter.php(489): CodeIgniter\CodeIgniter->startController()
 7 SYSTEMPATH\CodeIgniter.php(361): CodeIgniter\CodeIgniter->handleRequest(null, Object(Config\Cache), false)
 8 FCPATH\index.php(79): CodeIgniter\CodeIgniter->run()
 9 SYSTEMPATH\Commands\Server\rewrite.php(47): require_once('D:\\php\\htdocs\\wdpf55_codeigniter\\ci1\\public\\index.php')
CRITICAL - 2023-12-03 05:02:17 --> syntax error, unexpected '}', expecting ';'
in APPPATH\Controllers\Products.php on line 38.
 1 SYSTEMPATH\Autoloader\Autoloader.php(291): CodeIgniter\Autoloader\Autoloader->includeFile('D:\\php\\htdocs\\wdpf55_codeigniter\\ci1\\app\\Controllers\\Products.php')
 2 SYSTEMPATH\Autoloader\Autoloader.php(269): CodeIgniter\Autoloader\Autoloader->loadInNamespace('App\\Controllers\\Products')
 3 [internal function]: CodeIgniter\Autoloader\Autoloader->loadClass('App\\Controllers\\Products')
 4 [internal function]: spl_autoload_call('App\\Controllers\\Products')
 5 SYSTEMPATH\CodeIgniter.php(900): class_exists('\\App\\Controllers\\Products', true)
 6 SYSTEMPATH\CodeIgniter.php(489): CodeIgniter\CodeIgniter->startController()
 7 SYSTEMPATH\CodeIgniter.php(361): CodeIgniter\CodeIgniter->handleRequest(null, Object(Config\Cache), false)
 8 FCPATH\index.php(79): CodeIgniter\CodeIgniter->run()
 9 SYSTEMPATH\Commands\Server\rewrite.php(47): require_once('D:\\php\\htdocs\\wdpf55_codeigniter\\ci1\\public\\index.php')
CRITICAL - 2023-12-03 05:05:03 --> syntax error, unexpected '}', expecting ';'
in APPPATH\Controllers\Products.php on line 38.
 1 SYSTEMPATH\Autoloader\Autoloader.php(291): CodeIgniter\Autoloader\Autoloader->includeFile('D:\\php\\htdocs\\wdpf55_codeigniter\\ci1\\app\\Controllers\\Products.php')
 2 SYSTEMPATH\Autoloader\Autoloader.php(269): CodeIgniter\Autoloader\Autoloader->loadInNamespace('App\\Controllers\\Products')
 3 [internal function]: CodeIgniter\Autoloader\Autoloader->loadClass('App\\Controllers\\Products')
 4 [internal function]: spl_autoload_call('App\\Controllers\\Products')
 5 SYSTEMPATH\CodeIgniter.php(900): class_exists('\\App\\Controllers\\Products', true)
 6 SYSTEMPATH\CodeIgniter.php(489): CodeIgniter\CodeIgniter->startController()
 7 SYSTEMPATH\CodeIgniter.php(361): CodeIgniter\CodeIgniter->handleRequest(null, Object(Config\Cache), false)
 8 FCPATH\index.php(79): CodeIgniter\CodeIgniter->run()
 9 SYSTEMPATH\Commands\Server\rewrite.php(47): require_once('D:\\php\\htdocs\\wdpf55_codeigniter\\ci1\\public\\index.php')
CRITICAL - 2023-12-03 05:05:04 --> syntax error, unexpected '}', expecting ';'
in APPPATH\Controllers\Products.php on line 38.
 1 SYSTEMPATH\Autoloader\Autoloader.php(291): CodeIgniter\Autoloader\Autoloader->includeFile('D:\\php\\htdocs\\wdpf55_codeigniter\\ci1\\app\\Controllers\\Products.php')
 2 SYSTEMPATH\Autoloader\Autoloader.php(269): CodeIgniter\Autoloader\Autoloader->loadInNamespace('App\\Controllers\\Products')
 3 [internal function]: CodeIgniter\Autoloader\Autoloader->loadClass('App\\Controllers\\Products')
 4 [internal function]: spl_autoload_call('App\\Controllers\\Products')
 5 SYSTEMPATH\CodeIgniter.php(900): class_exists('\\App\\Controllers\\Products', true)
 6 SYSTEMPATH\CodeIgniter.php(489): CodeIgniter\CodeIgniter->startController()
 7 SYSTEMPATH\CodeIgniter.php(361): CodeIgniter\CodeIgniter->handleRequest(null, Object(Config\Cache), false)
 8 FCPATH\index.php(79): CodeIgniter\CodeIgniter->run()
 9 SYSTEMPATH\Commands\Server\rewrite.php(47): require_once('D:\\php\\htdocs\\wdpf55_codeigniter\\ci1\\public\\index.php')
CRITICAL - 2023-12-03 05:05:05 --> syntax error, unexpected '}', expecting ';'
in APPPATH\Controllers\Products.php on line 38.
 1 SYSTEMPATH\Autoloader\Autoloader.php(291): CodeIgniter\Autoloader\Autoloader->includeFile('D:\\php\\htdocs\\wdpf55_codeigniter\\ci1\\app\\Controllers\\Products.php')
 2 SYSTEMPATH\Autoloader\Autoloader.php(269): CodeIgniter\Autoloader\Autoloader->loadInNamespace('App\\Controllers\\Products')
 3 [internal function]: CodeIgniter\Autoloader\Autoloader->loadClass('App\\Controllers\\Products')
 4 [internal function]: spl_autoload_call('App\\Controllers\\Products')
 5 SYSTEMPATH\CodeIgniter.php(900): class_exists('\\App\\Controllers\\Products', true)
 6 SYSTEMPATH\CodeIgniter.php(489): CodeIgniter\CodeIgniter->startController()
 7 SYSTEMPATH\CodeIgniter.php(361): CodeIgniter\CodeIgniter->handleRequest(null, Object(Config\Cache), false)
 8 FCPATH\index.php(79): CodeIgniter\CodeIgniter->run()
 9 SYSTEMPATH\Commands\Server\rewrite.php(47): require_once('D:\\php\\htdocs\\wdpf55_codeigniter\\ci1\\public\\index.php')
CRITICAL - 2023-12-03 05:05:08 --> syntax error, unexpected '}', expecting ';'
in APPPATH\Controllers\Products.php on line 38.
 1 SYSTEMPATH\Autoloader\Autoloader.php(291): CodeIgniter\Autoloader\Autoloader->includeFile('D:\\php\\htdocs\\wdpf55_codeigniter\\ci1\\app\\Controllers\\Products.php')
 2 SYSTEMPATH\Autoloader\Autoloader.php(269): CodeIgniter\Autoloader\Autoloader->loadInNamespace('App\\Controllers\\Products')
 3 [internal function]: CodeIgniter\Autoloader\Autoloader->loadClass('App\\Controllers\\Products')
 4 [internal function]: spl_autoload_call('App\\Controllers\\Products')
 5 SYSTEMPATH\CodeIgniter.php(900): class_exists('\\App\\Controllers\\Products', true)
 6 SYSTEMPATH\CodeIgniter.php(489): CodeIgniter\CodeIgniter->startController()
 7 SYSTEMPATH\CodeIgniter.php(361): CodeIgniter\CodeIgniter->handleRequest(null, Object(Config\Cache), false)
 8 FCPATH\index.php(79): CodeIgniter\CodeIgniter->run()
 9 SYSTEMPATH\Commands\Server\rewrite.php(47): require_once('D:\\php\\htdocs\\wdpf55_codeigniter\\ci1\\public\\index.php')
CRITICAL - 2023-12-03 05:05:29 --> syntax error, unexpected '}', expecting ';'
in APPPATH\Controllers\Products.php on line 38.
 1 SYSTEMPATH\Autoloader\Autoloader.php(291): CodeIgniter\Autoloader\Autoloader->includeFile('D:\\php\\htdocs\\wdpf55_codeigniter\\ci1\\app\\Controllers\\Products.php')
 2 SYSTEMPATH\Autoloader\Autoloader.php(269): CodeIgniter\Autoloader\Autoloader->loadInNamespace('App\\Controllers\\Products')
 3 [internal function]: CodeIgniter\Autoloader\Autoloader->loadClass('App\\Controllers\\Products')
 4 [internal function]: spl_autoload_call('App\\Controllers\\Products')
 5 SYSTEMPATH\CodeIgniter.php(900): class_exists('\\App\\Controllers\\Products', true)
 6 SYSTEMPATH\CodeIgniter.php(489): CodeIgniter\CodeIgniter->startController()
 7 SYSTEMPATH\CodeIgniter.php(361): CodeIgniter\CodeIgniter->handleRequest(null, Object(Config\Cache), false)
 8 FCPATH\index.php(79): CodeIgniter\CodeIgniter->run()
 9 SYSTEMPATH\Commands\Server\rewrite.php(47): require_once('D:\\php\\htdocs\\wdpf55_codeigniter\\ci1\\public\\index.php')
CRITICAL - 2023-12-03 06:22:45 --> Invalid file: "product/create.php"
in SYSTEMPATH\Exceptions\FrameworkException.php on line 39.
 1 SYSTEMPATH\View\View.php(216): CodeIgniter\Exceptions\FrameworkException::forInvalidFile('product/create.php')
 2 SYSTEMPATH\Common.php(1190): CodeIgniter\View\View->render('product/create', [], true)
 3 APPPATH\Controllers\Products.php(39): view('product/create')
 4 SYSTEMPATH\CodeIgniter.php(942): App\Controllers\Products->store()
 5 SYSTEMPATH\CodeIgniter.php(502): CodeIgniter\CodeIgniter->runController(Object(App\Controllers\Products))
 6 SYSTEMPATH\CodeIgniter.php(361): CodeIgniter\CodeIgniter->handleRequest(null, Object(Config\Cache), false)
 7 FCPATH\index.php(79): CodeIgniter\CodeIgniter->run()
 8 SYSTEMPATH\Commands\Server\rewrite.php(47): require_once('D:\\php\\htdocs\\wdpf55_codeigniter\\ci1\\public\\index.php')
CRITICAL - 2023-12-03 06:30:17 --> Call to undefined function set_value()
in APPPATH\Views\products\create.php on line 64.
 1 SYSTEMPATH\View\View.php(228): include()
 2 SYSTEMPATH\View\View.php(231): CodeIgniter\View\View->CodeIgniter\View\{closure}()
 3 SYSTEMPATH\Common.php(1190): CodeIgniter\View\View->render('products/create', [], true)
 4 APPPATH\Controllers\Products.php(24): view('products/create')
 5 SYSTEMPATH\CodeIgniter.php(942): App\Controllers\Products->create()
 6 SYSTEMPATH\CodeIgniter.php(502): CodeIgniter\CodeIgniter->runController(Object(App\Controllers\Products))
 7 SYSTEMPATH\CodeIgniter.php(361): CodeIgniter\CodeIgniter->handleRequest(null, Object(Config\Cache), false)
 8 FCPATH\index.php(79): CodeIgniter\CodeIgniter->run()
 9 SYSTEMPATH\Commands\Server\rewrite.php(47): require_once('D:\\php\\htdocs\\wdpf55_codeigniter\\ci1\\public\\index.php')
CRITICAL - 2023-12-03 06:30:18 --> Call to undefined function set_value()
in APPPATH\Views\products\create.php on line 64.
 1 SYSTEMPATH\View\View.php(228): include()
 2 SYSTEMPATH\View\View.php(231): CodeIgniter\View\View->CodeIgniter\View\{closure}()
 3 SYSTEMPATH\Common.php(1190): CodeIgniter\View\View->render('products/create', [], true)
 4 APPPATH\Controllers\Products.php(24): view('products/create')
 5 SYSTEMPATH\CodeIgniter.php(942): App\Controllers\Products->create()
 6 SYSTEMPATH\CodeIgniter.php(502): CodeIgniter\CodeIgniter->runController(Object(App\Controllers\Products))
 7 SYSTEMPATH\CodeIgniter.php(361): CodeIgniter\CodeIgniter->handleRequest(null, Object(Config\Cache), false)
 8 FCPATH\index.php(79): CodeIgniter\CodeIgniter->run()
 9 SYSTEMPATH\Commands\Server\rewrite.php(47): require_once('D:\\php\\htdocs\\wdpf55_codeigniter\\ci1\\public\\index.php')
CRITICAL - 2023-12-03 06:30:20 --> Call to undefined function set_value()
in APPPATH\Views\products\create.php on line 64.
 1 SYSTEMPATH\View\View.php(228): include()
 2 SYSTEMPATH\View\View.php(231): CodeIgniter\View\View->CodeIgniter\View\{closure}()
 3 SYSTEMPATH\Common.php(1190): CodeIgniter\View\View->render('products/create', [], true)
 4 APPPATH\Controllers\Products.php(24): view('products/create')
 5 SYSTEMPATH\CodeIgniter.php(942): App\Controllers\Products->create()
 6 SYSTEMPATH\CodeIgniter.php(502): CodeIgniter\CodeIgniter->runController(Object(App\Controllers\Products))
 7 SYSTEMPATH\CodeIgniter.php(361): CodeIgniter\CodeIgniter->handleRequest(null, Object(Config\Cache), false)
 8 FCPATH\index.php(79): CodeIgniter\CodeIgniter->run()
 9 SYSTEMPATH\Commands\Server\rewrite.php(47): require_once('D:\\php\\htdocs\\wdpf55_codeigniter\\ci1\\public\\index.php')
CRITICAL - 2023-12-03 06:32:13 --> Call to undefined function set_value()
in APPPATH\Views\products\create.php on line 64.
 1 SYSTEMPATH\View\View.php(228): include()
 2 SYSTEMPATH\View\View.php(231): CodeIgniter\View\View->CodeIgniter\View\{closure}()
 3 SYSTEMPATH\Common.php(1190): CodeIgniter\View\View->render('products/create', [], true)
 4 APPPATH\Controllers\Products.php(24): view('products/create')
 5 SYSTEMPATH\CodeIgniter.php(942): App\Controllers\Products->create()
 6 SYSTEMPATH\CodeIgniter.php(502): CodeIgniter\CodeIgniter->runController(Object(App\Controllers\Products))
 7 SYSTEMPATH\CodeIgniter.php(361): CodeIgniter\CodeIgniter->handleRequest(null, Object(Config\Cache), false)
 8 FCPATH\index.php(79): CodeIgniter\CodeIgniter->run()
 9 SYSTEMPATH\Commands\Server\rewrite.php(47): require_once('D:\\php\\htdocs\\wdpf55_codeigniter\\ci1\\public\\index.php')
CRITICAL - 2023-12-03 06:32:16 --> Call to undefined function set_value()
in APPPATH\Views\products\create.php on line 64.
 1 SYSTEMPATH\View\View.php(228): include()
 2 SYSTEMPATH\View\View.php(231): CodeIgniter\View\View->CodeIgniter\View\{closure}()
 3 SYSTEMPATH\Common.php(1190): CodeIgniter\View\View->render('products/create', [], true)
 4 APPPATH\Controllers\Products.php(24): view('products/create')
 5 SYSTEMPATH\CodeIgniter.php(942): App\Controllers\Products->create()
 6 SYSTEMPATH\CodeIgniter.php(502): CodeIgniter\CodeIgniter->runController(Object(App\Controllers\Products))
 7 SYSTEMPATH\CodeIgniter.php(361): CodeIgniter\CodeIgniter->handleRequest(null, Object(Config\Cache), false)
 8 FCPATH\index.php(79): CodeIgniter\CodeIgniter->run()
 9 SYSTEMPATH\Commands\Server\rewrite.php(47): require_once('D:\\php\\htdocs\\wdpf55_codeigniter\\ci1\\public\\index.php')
CRITICAL - 2023-12-03 06:32:19 --> Call to undefined function set_value()
in APPPATH\Views\products\create.php on line 64.
 1 SYSTEMPATH\View\View.php(228): include()
 2 SYSTEMPATH\View\View.php(231): CodeIgniter\View\View->CodeIgniter\View\{closure}()
 3 SYSTEMPATH\Common.php(1190): CodeIgniter\View\View->render('products/create', [], true)
 4 APPPATH\Controllers\Products.php(24): view('products/create')
 5 SYSTEMPATH\CodeIgniter.php(942): App\Controllers\Products->create()
 6 SYSTEMPATH\CodeIgniter.php(502): CodeIgniter\CodeIgniter->runController(Object(App\Controllers\Products))
 7 SYSTEMPATH\CodeIgniter.php(361): CodeIgniter\CodeIgniter->handleRequest(null, Object(Config\Cache), false)
 8 FCPATH\index.php(79): CodeIgniter\CodeIgniter->run()
 9 SYSTEMPATH\Commands\Server\rewrite.php(47): require_once('D:\\php\\htdocs\\wdpf55_codeigniter\\ci1\\public\\index.php')
CRITICAL - 2023-12-03 06:32:21 --> Call to undefined function set_value()
in APPPATH\Views\products\create.php on line 64.
 1 SYSTEMPATH\View\View.php(228): include()
 2 SYSTEMPATH\View\View.php(231): CodeIgniter\View\View->CodeIgniter\View\{closure}()
 3 SYSTEMPATH\Common.php(1190): CodeIgniter\View\View->render('products/create', [], true)
 4 APPPATH\Controllers\Products.php(24): view('products/create')
 5 SYSTEMPATH\CodeIgniter.php(942): App\Controllers\Products->create()
 6 SYSTEMPATH\CodeIgniter.php(502): CodeIgniter\CodeIgniter->runController(Object(App\Controllers\Products))
 7 SYSTEMPATH\CodeIgniter.php(361): CodeIgniter\CodeIgniter->handleRequest(null, Object(Config\Cache), false)
 8 FCPATH\index.php(79): CodeIgniter\CodeIgniter->run()
 9 SYSTEMPATH\Commands\Server\rewrite.php(47): require_once('D:\\php\\htdocs\\wdpf55_codeigniter\\ci1\\public\\index.php')
CRITICAL - 2023-12-03 06:33:10 --> Call to undefined function set_value()
in APPPATH\Views\products\create.php on line 64.
 1 SYSTEMPATH\View\View.php(228): include()
 2 SYSTEMPATH\View\View.php(231): CodeIgniter\View\View->CodeIgniter\View\{closure}()
 3 SYSTEMPATH\Common.php(1190): CodeIgniter\View\View->render('products/create', [], true)
 4 APPPATH\Controllers\Products.php(24): view('products/create')
 5 SYSTEMPATH\CodeIgniter.php(942): App\Controllers\Products->create()
 6 SYSTEMPATH\CodeIgniter.php(502): CodeIgniter\CodeIgniter->runController(Object(App\Controllers\Products))
 7 SYSTEMPATH\CodeIgniter.php(361): CodeIgniter\CodeIgniter->handleRequest(null, Object(Config\Cache), false)
 8 FCPATH\index.php(79): CodeIgniter\CodeIgniter->run()
 9 SYSTEMPATH\Commands\Server\rewrite.php(47): require_once('D:\\php\\htdocs\\wdpf55_codeigniter\\ci1\\public\\index.php')
CRITICAL - 2023-12-03 06:34:50 --> Call to undefined function set_value()
in APPPATH\Views\products\create.php on line 64.
 1 SYSTEMPATH\View\View.php(228): include()
 2 SYSTEMPATH\View\View.php(231): CodeIgniter\View\View->CodeIgniter\View\{closure}()
 3 SYSTEMPATH\Common.php(1190): CodeIgniter\View\View->render('products/create', [], true)
 4 APPPATH\Controllers\Products.php(24): view('products/create')
 5 SYSTEMPATH\CodeIgniter.php(942): App\Controllers\Products->create()
 6 SYSTEMPATH\CodeIgniter.php(502): CodeIgniter\CodeIgniter->runController(Object(App\Controllers\Products))
 7 SYSTEMPATH\CodeIgniter.php(361): CodeIgniter\CodeIgniter->handleRequest(null, Object(Config\Cache), false)
 8 FCPATH\index.php(79): CodeIgniter\CodeIgniter->run()
 9 SYSTEMPATH\Commands\Server\rewrite.php(47): require_once('D:\\php\\htdocs\\wdpf55_codeigniter\\ci1\\public\\index.php')
CRITICAL - 2023-12-03 06:38:11 --> Call to undefined function set_value()
in APPPATH\Views\products\create.php on line 64.
 1 SYSTEMPATH\View\View.php(228): include()
 2 SYSTEMPATH\View\View.php(231): CodeIgniter\View\View->CodeIgniter\View\{closure}()
 3 SYSTEMPATH\Common.php(1190): CodeIgniter\View\View->render('products/create', [], true)
 4 APPPATH\Controllers\Products.php(24): view('products/create')
 5 SYSTEMPATH\CodeIgniter.php(942): App\Controllers\Products->create()
 6 SYSTEMPATH\CodeIgniter.php(502): CodeIgniter\CodeIgniter->runController(Object(App\Controllers\Products))
 7 SYSTEMPATH\CodeIgniter.php(361): CodeIgniter\CodeIgniter->handleRequest(null, Object(Config\Cache), false)
 8 FCPATH\index.php(79): CodeIgniter\CodeIgniter->run()
 9 SYSTEMPATH\Commands\Server\rewrite.php(47): require_once('D:\\php\\htdocs\\wdpf55_codeigniter\\ci1\\public\\index.php')
CRITICAL - 2023-12-03 06:38:12 --> Call to undefined function set_value()
in APPPATH\Views\products\create.php on line 64.
 1 SYSTEMPATH\View\View.php(228): include()
 2 SYSTEMPATH\View\View.php(231): CodeIgniter\View\View->CodeIgniter\View\{closure}()
 3 SYSTEMPATH\Common.php(1190): CodeIgniter\View\View->render('products/create', [], true)
 4 APPPATH\Controllers\Products.php(24): view('products/create')
 5 SYSTEMPATH\CodeIgniter.php(942): App\Controllers\Products->create()
 6 SYSTEMPATH\CodeIgniter.php(502): CodeIgniter\CodeIgniter->runController(Object(App\Controllers\Products))
 7 SYSTEMPATH\CodeIgniter.php(361): CodeIgniter\CodeIgniter->handleRequest(null, Object(Config\Cache), false)
 8 FCPATH\index.php(79): CodeIgniter\CodeIgniter->run()
 9 SYSTEMPATH\Commands\Server\rewrite.php(47): require_once('D:\\php\\htdocs\\wdpf55_codeigniter\\ci1\\public\\index.php')
CRITICAL - 2023-12-03 06:38:27 --> Call to undefined function set_value()
in APPPATH\Views\products\create.php on line 64.
 1 SYSTEMPATH\View\View.php(228): include()
 2 SYSTEMPATH\View\View.php(231): CodeIgniter\View\View->CodeIgniter\View\{closure}()
 3 SYSTEMPATH\Common.php(1190): CodeIgniter\View\View->render('products/create', [], true)
 4 APPPATH\Controllers\Products.php(24): view('products/create')
 5 SYSTEMPATH\CodeIgniter.php(942): App\Controllers\Products->create()
 6 SYSTEMPATH\CodeIgniter.php(502): CodeIgniter\CodeIgniter->runController(Object(App\Controllers\Products))
 7 SYSTEMPATH\CodeIgniter.php(361): CodeIgniter\CodeIgniter->handleRequest(null, Object(Config\Cache), false)
 8 FCPATH\index.php(79): CodeIgniter\CodeIgniter->run()
 9 SYSTEMPATH\Commands\Server\rewrite.php(47): require_once('D:\\php\\htdocs\\wdpf55_codeigniter\\ci1\\public\\index.php')
CRITICAL - 2023-12-03 06:40:22 --> Call to undefined function set_value()
in APPPATH\Views\products\create.php on line 64.
 1 SYSTEMPATH\View\View.php(228): include()
 2 SYSTEMPATH\View\View.php(231): CodeIgniter\View\View->CodeIgniter\View\{closure}()
 3 SYSTEMPATH\Common.php(1190): CodeIgniter\View\View->render('products/create', [], true)
 4 APPPATH\Controllers\Products.php(24): view('products/create')
 5 SYSTEMPATH\CodeIgniter.php(942): App\Controllers\Products->create()
 6 SYSTEMPATH\CodeIgniter.php(502): CodeIgniter\CodeIgniter->runController(Object(App\Controllers\Products))
 7 SYSTEMPATH\CodeIgniter.php(361): CodeIgniter\CodeIgniter->handleRequest(null, Object(Config\Cache), false)
 8 FCPATH\index.php(79): CodeIgniter\CodeIgniter->run()
 9 SYSTEMPATH\Commands\Server\rewrite.php(47): require_once('D:\\php\\htdocs\\wdpf55_codeigniter\\ci1\\public\\index.php')
CRITICAL - 2023-12-03 06:42:07 --> Call to undefined function set_value()
in APPPATH\Views\products\create.php on line 64.
 1 SYSTEMPATH\View\View.php(228): include()
 2 SYSTEMPATH\View\View.php(231): CodeIgniter\View\View->CodeIgniter\View\{closure}()
 3 SYSTEMPATH\Common.php(1190): CodeIgniter\View\View->render('products/create', [], true)
 4 APPPATH\Controllers\Products.php(24): view('products/create')
 5 SYSTEMPATH\CodeIgniter.php(942): App\Controllers\Products->create()
 6 SYSTEMPATH\CodeIgniter.php(502): CodeIgniter\CodeIgniter->runController(Object(App\Controllers\Products))
 7 SYSTEMPATH\CodeIgniter.php(361): CodeIgniter\CodeIgniter->handleRequest(null, Object(Config\Cache), false)
 8 FCPATH\index.php(79): CodeIgniter\CodeIgniter->run()
 9 SYSTEMPATH\Commands\Server\rewrite.php(47): require_once('D:\\php\\htdocs\\wdpf55_codeigniter\\ci1\\public\\index.php')
CRITICAL - 2023-12-03 06:42:18 --> Call to undefined function set_value()
in APPPATH\Views\products\create.php on line 64.
 1 SYSTEMPATH\View\View.php(228): include()
 2 SYSTEMPATH\View\View.php(231): CodeIgniter\View\View->CodeIgniter\View\{closure}()
 3 SYSTEMPATH\Common.php(1190): CodeIgniter\View\View->render('products/create', [], true)
 4 APPPATH\Controllers\Products.php(24): view('products/create')
 5 SYSTEMPATH\CodeIgniter.php(942): App\Controllers\Products->create()
 6 SYSTEMPATH\CodeIgniter.php(502): CodeIgniter\CodeIgniter->runController(Object(App\Controllers\Products))
 7 SYSTEMPATH\CodeIgniter.php(361): CodeIgniter\CodeIgniter->handleRequest(null, Object(Config\Cache), false)
 8 FCPATH\index.php(79): CodeIgniter\CodeIgniter->run()
 9 SYSTEMPATH\Commands\Server\rewrite.php(47): require_once('D:\\php\\htdocs\\wdpf55_codeigniter\\ci1\\public\\index.php')
CRITICAL - 2023-12-03 06:45:21 --> Call to undefined function form_open()
in APPPATH\Views\products\create.php on line 59.
 1 SYSTEMPATH\View\View.php(228): include()
 2 SYSTEMPATH\View\View.php(231): CodeIgniter\View\View->CodeIgniter\View\{closure}()
 3 SYSTEMPATH\Common.php(1190): CodeIgniter\View\View->render('products/create', [], true)
 4 APPPATH\Controllers\Products.php(24): view('products/create')
 5 SYSTEMPATH\CodeIgniter.php(942): App\Controllers\Products->create()
 6 SYSTEMPATH\CodeIgniter.php(502): CodeIgniter\CodeIgniter->runController(Object(App\Controllers\Products))
 7 SYSTEMPATH\CodeIgniter.php(361): CodeIgniter\CodeIgniter->handleRequest(null, Object(Config\Cache), false)
 8 FCPATH\index.php(79): CodeIgniter\CodeIgniter->run()
 9 SYSTEMPATH\Commands\Server\rewrite.php(47): require_once('D:\\php\\htdocs\\wdpf55_codeigniter\\ci1\\public\\index.php')
CRITICAL - 2023-12-03 06:45:24 --> Call to undefined function form_open()
in APPPATH\Views\products\create.php on line 59.
 1 SYSTEMPATH\View\View.php(228): include()
 2 SYSTEMPATH\View\View.php(231): CodeIgniter\View\View->CodeIgniter\View\{closure}()
 3 SYSTEMPATH\Common.php(1190): CodeIgniter\View\View->render('products/create', [], true)
 4 APPPATH\Controllers\Products.php(24): view('products/create')
 5 SYSTEMPATH\CodeIgniter.php(942): App\Controllers\Products->create()
 6 SYSTEMPATH\CodeIgniter.php(502): CodeIgniter\CodeIgniter->runController(Object(App\Controllers\Products))
 7 SYSTEMPATH\CodeIgniter.php(361): CodeIgniter\CodeIgniter->handleRequest(null, Object(Config\Cache), false)
 8 FCPATH\index.php(79): CodeIgniter\CodeIgniter->run()
 9 SYSTEMPATH\Commands\Server\rewrite.php(47): require_once('D:\\php\\htdocs\\wdpf55_codeigniter\\ci1\\public\\index.php')
CRITICAL - 2023-12-03 06:45:25 --> Call to undefined function form_open()
in APPPATH\Views\products\create.php on line 59.
 1 SYSTEMPATH\View\View.php(228): include()
 2 SYSTEMPATH\View\View.php(231): CodeIgniter\View\View->CodeIgniter\View\{closure}()
 3 SYSTEMPATH\Common.php(1190): CodeIgniter\View\View->render('products/create', [], true)
 4 APPPATH\Controllers\Products.php(24): view('products/create')
 5 SYSTEMPATH\CodeIgniter.php(942): App\Controllers\Products->create()
 6 SYSTEMPATH\CodeIgniter.php(502): CodeIgniter\CodeIgniter->runController(Object(App\Controllers\Products))
 7 SYSTEMPATH\CodeIgniter.php(361): CodeIgniter\CodeIgniter->handleRequest(null, Object(Config\Cache), false)
 8 FCPATH\index.php(79): CodeIgniter\CodeIgniter->run()
 9 SYSTEMPATH\Commands\Server\rewrite.php(47): require_once('D:\\php\\htdocs\\wdpf55_codeigniter\\ci1\\public\\index.php')
CRITICAL - 2023-12-03 06:45:25 --> Call to undefined function form_open()
in APPPATH\Views\products\create.php on line 59.
 1 SYSTEMPATH\View\View.php(228): include()
 2 SYSTEMPATH\View\View.php(231): CodeIgniter\View\View->CodeIgniter\View\{closure}()
 3 SYSTEMPATH\Common.php(1190): CodeIgniter\View\View->render('products/create', [], true)
 4 APPPATH\Controllers\Products.php(24): view('products/create')
 5 SYSTEMPATH\CodeIgniter.php(942): App\Controllers\Products->create()
 6 SYSTEMPATH\CodeIgniter.php(502): CodeIgniter\CodeIgniter->runController(Object(App\Controllers\Products))
 7 SYSTEMPATH\CodeIgniter.php(361): CodeIgniter\CodeIgniter->handleRequest(null, Object(Config\Cache), false)
 8 FCPATH\index.php(79): CodeIgniter\CodeIgniter->run()
 9 SYSTEMPATH\Commands\Server\rewrite.php(47): require_once('D:\\php\\htdocs\\wdpf55_codeigniter\\ci1\\public\\index.php')
CRITICAL - 2023-12-03 06:45:25 --> Call to undefined function form_open()
in APPPATH\Views\products\create.php on line 59.
 1 SYSTEMPATH\View\View.php(228): include()
 2 SYSTEMPATH\View\View.php(231): CodeIgniter\View\View->CodeIgniter\View\{closure}()
 3 SYSTEMPATH\Common.php(1190): CodeIgniter\View\View->render('products/create', [], true)
 4 APPPATH\Controllers\Products.php(24): view('products/create')
 5 SYSTEMPATH\CodeIgniter.php(942): App\Controllers\Products->create()
 6 SYSTEMPATH\CodeIgniter.php(502): CodeIgniter\CodeIgniter->runController(Object(App\Controllers\Products))
 7 SYSTEMPATH\CodeIgniter.php(361): CodeIgniter\CodeIgniter->handleRequest(null, Object(Config\Cache), false)
 8 FCPATH\index.php(79): CodeIgniter\CodeIgniter->run()
 9 SYSTEMPATH\Commands\Server\rewrite.php(47): require_once('D:\\php\\htdocs\\wdpf55_codeigniter\\ci1\\public\\index.php')
CRITICAL - 2023-12-03 06:45:25 --> Call to undefined function form_open()
in APPPATH\Views\products\create.php on line 59.
 1 SYSTEMPATH\View\View.php(228): include()
 2 SYSTEMPATH\View\View.php(231): CodeIgniter\View\View->CodeIgniter\View\{closure}()
 3 SYSTEMPATH\Common.php(1190): CodeIgniter\View\View->render('products/create', [], true)
 4 APPPATH\Controllers\Products.php(24): view('products/create')
 5 SYSTEMPATH\CodeIgniter.php(942): App\Controllers\Products->create()
 6 SYSTEMPATH\CodeIgniter.php(502): CodeIgniter\CodeIgniter->runController(Object(App\Controllers\Products))
 7 SYSTEMPATH\CodeIgniter.php(361): CodeIgniter\CodeIgniter->handleRequest(null, Object(Config\Cache), false)
 8 FCPATH\index.php(79): CodeIgniter\CodeIgniter->run()
 9 SYSTEMPATH\Commands\Server\rewrite.php(47): require_once('D:\\php\\htdocs\\wdpf55_codeigniter\\ci1\\public\\index.php')
CRITICAL - 2023-12-03 06:45:26 --> Call to undefined function form_open()
in APPPATH\Views\products\create.php on line 59.
 1 SYSTEMPATH\View\View.php(228): include()
 2 SYSTEMPATH\View\View.php(231): CodeIgniter\View\View->CodeIgniter\View\{closure}()
 3 SYSTEMPATH\Common.php(1190): CodeIgniter\View\View->render('products/create', [], true)
 4 APPPATH\Controllers\Products.php(24): view('products/create')
 5 SYSTEMPATH\CodeIgniter.php(942): App\Controllers\Products->create()
 6 SYSTEMPATH\CodeIgniter.php(502): CodeIgniter\CodeIgniter->runController(Object(App\Controllers\Products))
 7 SYSTEMPATH\CodeIgniter.php(361): CodeIgniter\CodeIgniter->handleRequest(null, Object(Config\Cache), false)
 8 FCPATH\index.php(79): CodeIgniter\CodeIgniter->run()
 9 SYSTEMPATH\Commands\Server\rewrite.php(47): require_once('D:\\php\\htdocs\\wdpf55_codeigniter\\ci1\\public\\index.php')
CRITICAL - 2023-12-03 06:50:26 --> " min_length" is not a valid rule.
in SYSTEMPATH\Validation\Validation.php on line 319.
 1 SYSTEMPATH\Validation\Validation.php(319): CodeIgniter\Validation\Exceptions\ValidationException::forRuleNotFound(' min_length')
 2 SYSTEMPATH\Validation\Validation.php(197): CodeIgniter\Validation\Validation->processRules('pname', 'pname', 'a', [...], [...])
 3 SYSTEMPATH\Controller.php(152): CodeIgniter\Validation\Validation->run()
 4 APPPATH\Controllers\Products.php(45): CodeIgniter\Controller->validate([...])
 5 SYSTEMPATH\CodeIgniter.php(942): App\Controllers\Products->store()
 6 SYSTEMPATH\CodeIgniter.php(502): CodeIgniter\CodeIgniter->runController(Object(App\Controllers\Products))
 7 SYSTEMPATH\CodeIgniter.php(361): CodeIgniter\CodeIgniter->handleRequest(null, Object(Config\Cache), false)
 8 FCPATH\index.php(79): CodeIgniter\CodeIgniter->run()
 9 SYSTEMPATH\Commands\Server\rewrite.php(47): require_once('D:\\php\\htdocs\\wdpf55_codeigniter\\ci1\\public\\index.php')
CRITICAL - 2023-12-03 06:50:39 --> " min_length" is not a valid rule.
in SYSTEMPATH\Validation\Validation.php on line 319.
 1 SYSTEMPATH\Validation\Validation.php(319): CodeIgniter\Validation\Exceptions\ValidationException::forRuleNotFound(' min_length')
 2 SYSTEMPATH\Validation\Validation.php(197): CodeIgniter\Validation\Validation->processRules('pname', 'pname', 'a', [...], [...])
 3 SYSTEMPATH\Controller.php(152): CodeIgniter\Validation\Validation->run()
 4 APPPATH\Controllers\Products.php(45): CodeIgniter\Controller->validate([...])
 5 SYSTEMPATH\CodeIgniter.php(942): App\Controllers\Products->store()
 6 SYSTEMPATH\CodeIgniter.php(502): CodeIgniter\CodeIgniter->runController(Object(App\Controllers\Products))
 7 SYSTEMPATH\CodeIgniter.php(361): CodeIgniter\CodeIgniter->handleRequest(null, Object(Config\Cache), false)
 8 FCPATH\index.php(79): CodeIgniter\CodeIgniter->run()
 9 SYSTEMPATH\Commands\Server\rewrite.php(47): require_once('D:\\php\\htdocs\\wdpf55_codeigniter\\ci1\\public\\index.php')
CRITICAL - 2023-12-03 06:51:51 --> " min_length" is not a valid rule.
in SYSTEMPATH\Validation\Validation.php on line 319.
 1 SYSTEMPATH\Validation\Validation.php(319): CodeIgniter\Validation\Exceptions\ValidationException::forRuleNotFound(' min_length')
 2 SYSTEMPATH\Validation\Validation.php(197): CodeIgniter\Validation\Validation->processRules('pname', 'pname', 'a', [...], [...])
 3 SYSTEMPATH\Controller.php(152): CodeIgniter\Validation\Validation->run()
 4 APPPATH\Controllers\Products.php(42): CodeIgniter\Controller->validate([...])
 5 SYSTEMPATH\CodeIgniter.php(942): App\Controllers\Products->store()
 6 SYSTEMPATH\CodeIgniter.php(502): CodeIgniter\CodeIgniter->runController(Object(App\Controllers\Products))
 7 SYSTEMPATH\CodeIgniter.php(361): CodeIgniter\CodeIgniter->handleRequest(null, Object(Config\Cache), false)
 8 FCPATH\index.php(79): CodeIgniter\CodeIgniter->run()
 9 SYSTEMPATH\Commands\Server\rewrite.php(47): require_once('D:\\php\\htdocs\\wdpf55_codeigniter\\ci1\\public\\index.php')
CRITICAL - 2023-12-03 06:51:56 --> " min_length" is not a valid rule.
in SYSTEMPATH\Validation\Validation.php on line 319.
 1 SYSTEMPATH\Validation\Validation.php(319): CodeIgniter\Validation\Exceptions\ValidationException::forRuleNotFound(' min_length')
 2 SYSTEMPATH\Validation\Validation.php(197): CodeIgniter\Validation\Validation->processRules('pname', 'pname', 'a', [...], [...])
 3 SYSTEMPATH\Controller.php(152): CodeIgniter\Validation\Validation->run()
 4 APPPATH\Controllers\Products.php(42): CodeIgniter\Controller->validate([...])
 5 SYSTEMPATH\CodeIgniter.php(942): App\Controllers\Products->store()
 6 SYSTEMPATH\CodeIgniter.php(502): CodeIgniter\CodeIgniter->runController(Object(App\Controllers\Products))
 7 SYSTEMPATH\CodeIgniter.php(361): CodeIgniter\CodeIgniter->handleRequest(null, Object(Config\Cache), false)
 8 FCPATH\index.php(79): CodeIgniter\CodeIgniter->run()
 9 SYSTEMPATH\Commands\Server\rewrite.php(47): require_once('D:\\php\\htdocs\\wdpf55_codeigniter\\ci1\\public\\index.php')
CRITICAL - 2023-12-03 06:53:27 --> " min_length" is not a valid rule.
in SYSTEMPATH\Validation\Validation.php on line 319.
 1 SYSTEMPATH\Validation\Validation.php(319): CodeIgniter\Validation\Exceptions\ValidationException::forRuleNotFound(' min_length')
 2 SYSTEMPATH\Validation\Validation.php(197): CodeIgniter\Validation\Validation->processRules('price', 'price', '1', [...], [...])
 3 SYSTEMPATH\Controller.php(152): CodeIgniter\Validation\Validation->run()
 4 APPPATH\Controllers\Products.php(47): CodeIgniter\Controller->validate([...])
 5 SYSTEMPATH\CodeIgniter.php(942): App\Controllers\Products->store()
 6 SYSTEMPATH\CodeIgniter.php(502): CodeIgniter\CodeIgniter->runController(Object(App\Controllers\Products))
 7 SYSTEMPATH\CodeIgniter.php(361): CodeIgniter\CodeIgniter->handleRequest(null, Object(Config\Cache), false)
 8 FCPATH\index.php(79): CodeIgniter\CodeIgniter->run()
 9 SYSTEMPATH\Commands\Server\rewrite.php(47): require_once('D:\\php\\htdocs\\wdpf55_codeigniter\\ci1\\public\\index.php')
CRITICAL - 2023-12-03 06:53:38 --> " min_length" is not a valid rule.
in SYSTEMPATH\Validation\Validation.php on line 319.
 1 SYSTEMPATH\Validation\Validation.php(319): CodeIgniter\Validation\Exceptions\ValidationException::forRuleNotFound(' min_length')
 2 SYSTEMPATH\Validation\Validation.php(197): CodeIgniter\Validation\Validation->processRules('price', 'price', '1', [...], [...])
 3 SYSTEMPATH\Controller.php(152): CodeIgniter\Validation\Validation->run()
 4 APPPATH\Controllers\Products.php(47): CodeIgniter\Controller->validate([...])
 5 SYSTEMPATH\CodeIgniter.php(942): App\Controllers\Products->store()
 6 SYSTEMPATH\CodeIgniter.php(502): CodeIgniter\CodeIgniter->runController(Object(App\Controllers\Products))
 7 SYSTEMPATH\CodeIgniter.php(361): CodeIgniter\CodeIgniter->handleRequest(null, Object(Config\Cache), false)
 8 FCPATH\index.php(79): CodeIgniter\CodeIgniter->run()
 9 SYSTEMPATH\Commands\Server\rewrite.php(47): require_once('D:\\php\\htdocs\\wdpf55_codeigniter\\ci1\\public\\index.php')
CRITICAL - 2023-12-03 06:53:46 --> Invalid file: "product/create.php"
in SYSTEMPATH\Exceptions\FrameworkException.php on line 39.
 1 SYSTEMPATH\View\View.php(216): CodeIgniter\Exceptions\FrameworkException::forInvalidFile('product/create.php')
 2 SYSTEMPATH\Common.php(1190): CodeIgniter\View\View->render('product/create', [], true)
 3 APPPATH\Controllers\Products.php(48): view('product/create')
 4 SYSTEMPATH\CodeIgniter.php(942): App\Controllers\Products->store()
 5 SYSTEMPATH\CodeIgniter.php(502): CodeIgniter\CodeIgniter->runController(Object(App\Controllers\Products))
 6 SYSTEMPATH\CodeIgniter.php(361): CodeIgniter\CodeIgniter->handleRequest(null, Object(Config\Cache), false)
 7 FCPATH\index.php(79): CodeIgniter\CodeIgniter->run()
 8 SYSTEMPATH\Commands\Server\rewrite.php(47): require_once('D:\\php\\htdocs\\wdpf55_codeigniter\\ci1\\public\\index.php')
CRITICAL - 2023-12-03 06:53:49 --> Invalid file: "product/create.php"
in SYSTEMPATH\Exceptions\FrameworkException.php on line 39.
 1 SYSTEMPATH\View\View.php(216): CodeIgniter\Exceptions\FrameworkException::forInvalidFile('product/create.php')
 2 SYSTEMPATH\Common.php(1190): CodeIgniter\View\View->render('product/create', [], true)
 3 APPPATH\Controllers\Products.php(48): view('product/create')
 4 SYSTEMPATH\CodeIgniter.php(942): App\Controllers\Products->store()
 5 SYSTEMPATH\CodeIgniter.php(502): CodeIgniter\CodeIgniter->runController(Object(App\Controllers\Products))
 6 SYSTEMPATH\CodeIgniter.php(361): CodeIgniter\CodeIgniter->handleRequest(null, Object(Config\Cache), false)
 7 FCPATH\index.php(79): CodeIgniter\CodeIgniter->run()
 8 SYSTEMPATH\Commands\Server\rewrite.php(47): require_once('D:\\php\\htdocs\\wdpf55_codeigniter\\ci1\\public\\index.php')
CRITICAL - 2023-12-03 06:56:53 --> Invalid file: "product/create.php"
in SYSTEMPATH\Exceptions\FrameworkException.php on line 39.
 1 SYSTEMPATH\View\View.php(216): CodeIgniter\Exceptions\FrameworkException::forInvalidFile('product/create.php')
 2 SYSTEMPATH\Common.php(1190): CodeIgniter\View\View->render('product/create', [], true)
 3 APPPATH\Controllers\Products.php(48): view('product/create')
 4 SYSTEMPATH\CodeIgniter.php(942): App\Controllers\Products->store()
 5 SYSTEMPATH\CodeIgniter.php(502): CodeIgniter\CodeIgniter->runController(Object(App\Controllers\Products))
 6 SYSTEMPATH\CodeIgniter.php(361): CodeIgniter\CodeIgniter->handleRequest(null, Object(Config\Cache), false)
 7 FCPATH\index.php(79): CodeIgniter\CodeIgniter->run()
 8 SYSTEMPATH\Commands\Server\rewrite.php(47): require_once('D:\\php\\htdocs\\wdpf55_codeigniter\\ci1\\public\\index.php')
CRITICAL - 2023-12-03 06:56:54 --> Invalid file: "product/create.php"
in SYSTEMPATH\Exceptions\FrameworkException.php on line 39.
 1 SYSTEMPATH\View\View.php(216): CodeIgniter\Exceptions\FrameworkException::forInvalidFile('product/create.php')
 2 SYSTEMPATH\Common.php(1190): CodeIgniter\View\View->render('product/create', [], true)
 3 APPPATH\Controllers\Products.php(48): view('product/create')
 4 SYSTEMPATH\CodeIgniter.php(942): App\Controllers\Products->store()
 5 SYSTEMPATH\CodeIgniter.php(502): CodeIgniter\CodeIgniter->runController(Object(App\Controllers\Products))
 6 SYSTEMPATH\CodeIgniter.php(361): CodeIgniter\CodeIgniter->handleRequest(null, Object(Config\Cache), false)
 7 FCPATH\index.php(79): CodeIgniter\CodeIgniter->run()
 8 SYSTEMPATH\Commands\Server\rewrite.php(47): require_once('D:\\php\\htdocs\\wdpf55_codeigniter\\ci1\\public\\index.php')
CRITICAL - 2023-12-03 06:56:54 --> Invalid file: "product/create.php"
in SYSTEMPATH\Exceptions\FrameworkException.php on line 39.
 1 SYSTEMPATH\View\View.php(216): CodeIgniter\Exceptions\FrameworkException::forInvalidFile('product/create.php')
 2 SYSTEMPATH\Common.php(1190): CodeIgniter\View\View->render('product/create', [], true)
 3 APPPATH\Controllers\Products.php(48): view('product/create')
 4 SYSTEMPATH\CodeIgniter.php(942): App\Controllers\Products->store()
 5 SYSTEMPATH\CodeIgniter.php(502): CodeIgniter\CodeIgniter->runController(Object(App\Controllers\Products))
 6 SYSTEMPATH\CodeIgniter.php(361): CodeIgniter\CodeIgniter->handleRequest(null, Object(Config\Cache), false)
 7 FCPATH\index.php(79): CodeIgniter\CodeIgniter->run()
 8 SYSTEMPATH\Commands\Server\rewrite.php(47): require_once('D:\\php\\htdocs\\wdpf55_codeigniter\\ci1\\public\\index.php')
CRITICAL - 2023-12-03 06:56:55 --> Invalid file: "product/create.php"
in SYSTEMPATH\Exceptions\FrameworkException.php on line 39.
 1 SYSTEMPATH\View\View.php(216): CodeIgniter\Exceptions\FrameworkException::forInvalidFile('product/create.php')
 2 SYSTEMPATH\Common.php(1190): CodeIgniter\View\View->render('product/create', [], true)
 3 APPPATH\Controllers\Products.php(48): view('product/create')
 4 SYSTEMPATH\CodeIgniter.php(942): App\Controllers\Products->store()
 5 SYSTEMPATH\CodeIgniter.php(502): CodeIgniter\CodeIgniter->runController(Object(App\Controllers\Products))
 6 SYSTEMPATH\CodeIgniter.php(361): CodeIgniter\CodeIgniter->handleRequest(null, Object(Config\Cache), false)
 7 FCPATH\index.php(79): CodeIgniter\CodeIgniter->run()
 8 SYSTEMPATH\Commands\Server\rewrite.php(47): require_once('D:\\php\\htdocs\\wdpf55_codeigniter\\ci1\\public\\index.php')
CRITICAL - 2023-12-03 06:56:55 --> Invalid file: "product/create.php"
in SYSTEMPATH\Exceptions\FrameworkException.php on line 39.
 1 SYSTEMPATH\View\View.php(216): CodeIgniter\Exceptions\FrameworkException::forInvalidFile('product/create.php')
 2 SYSTEMPATH\Common.php(1190): CodeIgniter\View\View->render('product/create', [], true)
 3 APPPATH\Controllers\Products.php(48): view('product/create')
 4 SYSTEMPATH\CodeIgniter.php(942): App\Controllers\Products->store()
 5 SYSTEMPATH\CodeIgniter.php(502): CodeIgniter\CodeIgniter->runController(Object(App\Controllers\Products))
 6 SYSTEMPATH\CodeIgniter.php(361): CodeIgniter\CodeIgniter->handleRequest(null, Object(Config\Cache), false)
 7 FCPATH\index.php(79): CodeIgniter\CodeIgniter->run()
 8 SYSTEMPATH\Commands\Server\rewrite.php(47): require_once('D:\\php\\htdocs\\wdpf55_codeigniter\\ci1\\public\\index.php')
CRITICAL - 2023-12-03 06:56:55 --> Invalid file: "product/create.php"
in SYSTEMPATH\Exceptions\FrameworkException.php on line 39.
 1 SYSTEMPATH\View\View.php(216): CodeIgniter\Exceptions\FrameworkException::forInvalidFile('product/create.php')
 2 SYSTEMPATH\Common.php(1190): CodeIgniter\View\View->render('product/create', [], true)
 3 APPPATH\Controllers\Products.php(48): view('product/create')
 4 SYSTEMPATH\CodeIgniter.php(942): App\Controllers\Products->store()
 5 SYSTEMPATH\CodeIgniter.php(502): CodeIgniter\CodeIgniter->runController(Object(App\Controllers\Products))
 6 SYSTEMPATH\CodeIgniter.php(361): CodeIgniter\CodeIgniter->handleRequest(null, Object(Config\Cache), false)
 7 FCPATH\index.php(79): CodeIgniter\CodeIgniter->run()
 8 SYSTEMPATH\Commands\Server\rewrite.php(47): require_once('D:\\php\\htdocs\\wdpf55_codeigniter\\ci1\\public\\index.php')
CRITICAL - 2023-12-03 06:56:56 --> Invalid file: "product/create.php"
in SYSTEMPATH\Exceptions\FrameworkException.php on line 39.
 1 SYSTEMPATH\View\View.php(216): CodeIgniter\Exceptions\FrameworkException::forInvalidFile('product/create.php')
 2 SYSTEMPATH\Common.php(1190): CodeIgniter\View\View->render('product/create', [], true)
 3 APPPATH\Controllers\Products.php(48): view('product/create')
 4 SYSTEMPATH\CodeIgniter.php(942): App\Controllers\Products->store()
 5 SYSTEMPATH\CodeIgniter.php(502): CodeIgniter\CodeIgniter->runController(Object(App\Controllers\Products))
 6 SYSTEMPATH\CodeIgniter.php(361): CodeIgniter\CodeIgniter->handleRequest(null, Object(Config\Cache), false)
 7 FCPATH\index.php(79): CodeIgniter\CodeIgniter->run()
 8 SYSTEMPATH\Commands\Server\rewrite.php(47): require_once('D:\\php\\htdocs\\wdpf55_codeigniter\\ci1\\public\\index.php')
CRITICAL - 2023-12-03 06:57:10 --> Invalid file: "product/create.php"
in SYSTEMPATH\Exceptions\FrameworkException.php on line 39.
 1 SYSTEMPATH\View\View.php(216): CodeIgniter\Exceptions\FrameworkException::forInvalidFile('product/create.php')
 2 SYSTEMPATH\Common.php(1190): CodeIgniter\View\View->render('product/create', [], true)
 3 APPPATH\Controllers\Products.php(48): view('product/create')
 4 SYSTEMPATH\CodeIgniter.php(942): App\Controllers\Products->store()
 5 SYSTEMPATH\CodeIgniter.php(502): CodeIgniter\CodeIgniter->runController(Object(App\Controllers\Products))
 6 SYSTEMPATH\CodeIgniter.php(361): CodeIgniter\CodeIgniter->handleRequest(null, Object(Config\Cache), false)
 7 FCPATH\index.php(79): CodeIgniter\CodeIgniter->run()
 8 SYSTEMPATH\Commands\Server\rewrite.php(47): require_once('D:\\php\\htdocs\\wdpf55_codeigniter\\ci1\\public\\index.php')
CRITICAL - 2023-12-03 06:57:16 --> Invalid file: "product/create.php"
in SYSTEMPATH\Exceptions\FrameworkException.php on line 39.
 1 SYSTEMPATH\View\View.php(216): CodeIgniter\Exceptions\FrameworkException::forInvalidFile('product/create.php')
 2 SYSTEMPATH\Common.php(1190): CodeIgniter\View\View->render('product/create', [], true)
 3 APPPATH\Controllers\Products.php(48): view('product/create')
 4 SYSTEMPATH\CodeIgniter.php(942): App\Controllers\Products->store()
 5 SYSTEMPATH\CodeIgniter.php(502): CodeIgniter\CodeIgniter->runController(Object(App\Controllers\Products))
 6 SYSTEMPATH\CodeIgniter.php(361): CodeIgniter\CodeIgniter->handleRequest(null, Object(Config\Cache), false)
 7 FCPATH\index.php(79): CodeIgniter\CodeIgniter->run()
 8 SYSTEMPATH\Commands\Server\rewrite.php(47): require_once('D:\\php\\htdocs\\wdpf55_codeigniter\\ci1\\public\\index.php')
CRITICAL - 2023-12-03 06:58:05 --> " min_length" is not a valid rule.
in SYSTEMPATH\Validation\Validation.php on line 319.
 1 SYSTEMPATH\Validation\Validation.php(319): CodeIgniter\Validation\Exceptions\ValidationException::forRuleNotFound(' min_length')
 2 SYSTEMPATH\Validation\Validation.php(197): CodeIgniter\Validation\Validation->processRules('pname', 'pname', '88554', [...], [...])
 3 SYSTEMPATH\Controller.php(152): CodeIgniter\Validation\Validation->run()
 4 APPPATH\Controllers\Products.php(47): CodeIgniter\Controller->validate([...])
 5 SYSTEMPATH\CodeIgniter.php(942): App\Controllers\Products->store()
 6 SYSTEMPATH\CodeIgniter.php(502): CodeIgniter\CodeIgniter->runController(Object(App\Controllers\Products))
 7 SYSTEMPATH\CodeIgniter.php(361): CodeIgniter\CodeIgniter->handleRequest(null, Object(Config\Cache), false)
 8 FCPATH\index.php(79): CodeIgniter\CodeIgniter->run()
 9 SYSTEMPATH\Commands\Server\rewrite.php(47): require_once('D:\\php\\htdocs\\wdpf55_codeigniter\\ci1\\public\\index.php')
CRITICAL - 2023-12-03 06:58:08 --> " min_length" is not a valid rule.
in SYSTEMPATH\Validation\Validation.php on line 319.
 1 SYSTEMPATH\Validation\Validation.php(319): CodeIgniter\Validation\Exceptions\ValidationException::forRuleNotFound(' min_length')
 2 SYSTEMPATH\Validation\Validation.php(197): CodeIgniter\Validation\Validation->processRules('pname', 'pname', '88554', [...], [...])
 3 SYSTEMPATH\Controller.php(152): CodeIgniter\Validation\Validation->run()
 4 APPPATH\Controllers\Products.php(47): CodeIgniter\Controller->validate([...])
 5 SYSTEMPATH\CodeIgniter.php(942): App\Controllers\Products->store()
 6 SYSTEMPATH\CodeIgniter.php(502): CodeIgniter\CodeIgniter->runController(Object(App\Controllers\Products))
 7 SYSTEMPATH\CodeIgniter.php(361): CodeIgniter\CodeIgniter->handleRequest(null, Object(Config\Cache), false)
 8 FCPATH\index.php(79): CodeIgniter\CodeIgniter->run()
 9 SYSTEMPATH\Commands\Server\rewrite.php(47): require_once('D:\\php\\htdocs\\wdpf55_codeigniter\\ci1\\public\\index.php')
CRITICAL - 2023-12-03 06:58:30 --> " min_length" is not a valid rule.
in SYSTEMPATH\Validation\Validation.php on line 319.
 1 SYSTEMPATH\Validation\Validation.php(319): CodeIgniter\Validation\Exceptions\ValidationException::forRuleNotFound(' min_length')
 2 SYSTEMPATH\Validation\Validation.php(197): CodeIgniter\Validation\Validation->processRules('pname', 'pname', 'ABNCD', [...], [...])
 3 SYSTEMPATH\Controller.php(152): CodeIgniter\Validation\Validation->run()
 4 APPPATH\Controllers\Products.php(47): CodeIgniter\Controller->validate([...])
 5 SYSTEMPATH\CodeIgniter.php(942): App\Controllers\Products->store()
 6 SYSTEMPATH\CodeIgniter.php(502): CodeIgniter\CodeIgniter->runController(Object(App\Controllers\Products))
 7 SYSTEMPATH\CodeIgniter.php(361): CodeIgniter\CodeIgniter->handleRequest(null, Object(Config\Cache), false)
 8 FCPATH\index.php(79): CodeIgniter\CodeIgniter->run()
 9 SYSTEMPATH\Commands\Server\rewrite.php(47): require_once('D:\\php\\htdocs\\wdpf55_codeigniter\\ci1\\public\\index.php')
CRITICAL - 2023-12-03 06:58:54 --> Invalid file: "product/create.php"
in SYSTEMPATH\Exceptions\FrameworkException.php on line 39.
 1 SYSTEMPATH\View\View.php(216): CodeIgniter\Exceptions\FrameworkException::forInvalidFile('product/create.php')
 2 SYSTEMPATH\Common.php(1190): CodeIgniter\View\View->render('product/create', [], true)
 3 APPPATH\Controllers\Products.php(48): view('product/create')
 4 SYSTEMPATH\CodeIgniter.php(942): App\Controllers\Products->store()
 5 SYSTEMPATH\CodeIgniter.php(502): CodeIgniter\CodeIgniter->runController(Object(App\Controllers\Products))
 6 SYSTEMPATH\CodeIgniter.php(361): CodeIgniter\CodeIgniter->handleRequest(null, Object(Config\Cache), false)
 7 FCPATH\index.php(79): CodeIgniter\CodeIgniter->run()
 8 SYSTEMPATH\Commands\Server\rewrite.php(47): require_once('D:\\php\\htdocs\\wdpf55_codeigniter\\ci1\\public\\index.php')
CRITICAL - 2023-12-03 06:58:57 --> Invalid file: "product/create.php"
in SYSTEMPATH\Exceptions\FrameworkException.php on line 39.
 1 SYSTEMPATH\View\View.php(216): CodeIgniter\Exceptions\FrameworkException::forInvalidFile('product/create.php')
 2 SYSTEMPATH\Common.php(1190): CodeIgniter\View\View->render('product/create', [], true)
 3 APPPATH\Controllers\Products.php(48): view('product/create')
 4 SYSTEMPATH\CodeIgniter.php(942): App\Controllers\Products->store()
 5 SYSTEMPATH\CodeIgniter.php(502): CodeIgniter\CodeIgniter->runController(Object(App\Controllers\Products))
 6 SYSTEMPATH\CodeIgniter.php(361): CodeIgniter\CodeIgniter->handleRequest(null, Object(Config\Cache), false)
 7 FCPATH\index.php(79): CodeIgniter\CodeIgniter->run()
 8 SYSTEMPATH\Commands\Server\rewrite.php(47): require_once('D:\\php\\htdocs\\wdpf55_codeigniter\\ci1\\public\\index.php')
CRITICAL - 2023-12-03 06:59:02 --> Invalid file: "product/create.php"
in SYSTEMPATH\Exceptions\FrameworkException.php on line 39.
 1 SYSTEMPATH\View\View.php(216): CodeIgniter\Exceptions\FrameworkException::forInvalidFile('product/create.php')
 2 SYSTEMPATH\Common.php(1190): CodeIgniter\View\View->render('product/create', [], true)
 3 APPPATH\Controllers\Products.php(48): view('product/create')
 4 SYSTEMPATH\CodeIgniter.php(942): App\Controllers\Products->store()
 5 SYSTEMPATH\CodeIgniter.php(502): CodeIgniter\CodeIgniter->runController(Object(App\Controllers\Products))
 6 SYSTEMPATH\CodeIgniter.php(361): CodeIgniter\CodeIgniter->handleRequest(null, Object(Config\Cache), false)
 7 FCPATH\index.php(79): CodeIgniter\CodeIgniter->run()
 8 SYSTEMPATH\Commands\Server\rewrite.php(47): require_once('D:\\php\\htdocs\\wdpf55_codeigniter\\ci1\\public\\index.php')
CRITICAL - 2023-12-03 06:59:59 --> " min_length" is not a valid rule.
in SYSTEMPATH\Validation\Validation.php on line 319.
 1 SYSTEMPATH\Validation\Validation.php(319): CodeIgniter\Validation\Exceptions\ValidationException::forRuleNotFound(' min_length')
 2 SYSTEMPATH\Validation\Validation.php(197): CodeIgniter\Validation\Validation->processRules('pname', 'pname', '1', [...], [...])
 3 SYSTEMPATH\Controller.php(152): CodeIgniter\Validation\Validation->run()
 4 APPPATH\Controllers\Products.php(48): CodeIgniter\Controller->validate([...])
 5 SYSTEMPATH\CodeIgniter.php(942): App\Controllers\Products->store()
 6 SYSTEMPATH\CodeIgniter.php(502): CodeIgniter\CodeIgniter->runController(Object(App\Controllers\Products))
 7 SYSTEMPATH\CodeIgniter.php(361): CodeIgniter\CodeIgniter->handleRequest(null, Object(Config\Cache), false)
 8 FCPATH\index.php(79): CodeIgniter\CodeIgniter->run()
 9 SYSTEMPATH\Commands\Server\rewrite.php(47): require_once('D:\\php\\htdocs\\wdpf55_codeigniter\\ci1\\public\\index.php')
CRITICAL - 2023-12-03 07:00:04 --> " min_length" is not a valid rule.
in SYSTEMPATH\Validation\Validation.php on line 319.
 1 SYSTEMPATH\Validation\Validation.php(319): CodeIgniter\Validation\Exceptions\ValidationException::forRuleNotFound(' min_length')
 2 SYSTEMPATH\Validation\Validation.php(197): CodeIgniter\Validation\Validation->processRules('pname', 'pname', '16846461', [...], [...])
 3 SYSTEMPATH\Controller.php(152): CodeIgniter\Validation\Validation->run()
 4 APPPATH\Controllers\Products.php(48): CodeIgniter\Controller->validate([...])
 5 SYSTEMPATH\CodeIgniter.php(942): App\Controllers\Products->store()
 6 SYSTEMPATH\CodeIgniter.php(502): CodeIgniter\CodeIgniter->runController(Object(App\Controllers\Products))
 7 SYSTEMPATH\CodeIgniter.php(361): CodeIgniter\CodeIgniter->handleRequest(null, Object(Config\Cache), false)
 8 FCPATH\index.php(79): CodeIgniter\CodeIgniter->run()
 9 SYSTEMPATH\Commands\Server\rewrite.php(47): require_once('D:\\php\\htdocs\\wdpf55_codeigniter\\ci1\\public\\index.php')
CRITICAL - 2023-12-03 07:00:57 --> " min_length" is not a valid rule.
in SYSTEMPATH\Validation\Validation.php on line 319.
 1 SYSTEMPATH\Validation\Validation.php(319): CodeIgniter\Validation\Exceptions\ValidationException::forRuleNotFound(' min_length')
 2 SYSTEMPATH\Validation\Validation.php(197): CodeIgniter\Validation\Validation->processRules('pname', 'pname', 'gdh[edihk', [...], [...])
 3 SYSTEMPATH\Controller.php(152): CodeIgniter\Validation\Validation->run()
 4 APPPATH\Controllers\Products.php(45): CodeIgniter\Controller->validate([...])
 5 SYSTEMPATH\CodeIgniter.php(942): App\Controllers\Products->store()
 6 SYSTEMPATH\CodeIgniter.php(502): CodeIgniter\CodeIgniter->runController(Object(App\Controllers\Products))
 7 SYSTEMPATH\CodeIgniter.php(361): CodeIgniter\CodeIgniter->handleRequest(null, Object(Config\Cache), false)
 8 FCPATH\index.php(79): CodeIgniter\CodeIgniter->run()
 9 SYSTEMPATH\Commands\Server\rewrite.php(47): require_once('D:\\php\\htdocs\\wdpf55_codeigniter\\ci1\\public\\index.php')
CRITICAL - 2023-12-03 07:04:51 --> " min_length" is not a valid rule.
in SYSTEMPATH\Validation\Validation.php on line 319.
 1 SYSTEMPATH\Validation\Validation.php(319): CodeIgniter\Validation\Exceptions\ValidationException::forRuleNotFound(' min_length')
 2 SYSTEMPATH\Validation\Validation.php(197): CodeIgniter\Validation\Validation->processRules('pname', 'pname', '[okdrh', [...], [...])
 3 SYSTEMPATH\Controller.php(152): CodeIgniter\Validation\Validation->run()
 4 APPPATH\Controllers\Products.php(45): CodeIgniter\Controller->validate([...])
 5 SYSTEMPATH\CodeIgniter.php(942): App\Controllers\Products->store()
 6 SYSTEMPATH\CodeIgniter.php(502): CodeIgniter\CodeIgniter->runController(Object(App\Controllers\Products))
 7 SYSTEMPATH\CodeIgniter.php(361): CodeIgniter\CodeIgniter->handleRequest(null, Object(Config\Cache), false)
 8 FCPATH\index.php(79): CodeIgniter\CodeIgniter->run()
 9 SYSTEMPATH\Commands\Server\rewrite.php(47): require_once('D:\\php\\htdocs\\wdpf55_codeigniter\\ci1\\public\\index.php')
CRITICAL - 2023-12-03 07:07:57 --> Invalid file: "product/create.php"
in SYSTEMPATH\Exceptions\FrameworkException.php on line 39.
 1 SYSTEMPATH\View\View.php(216): CodeIgniter\Exceptions\FrameworkException::forInvalidFile('product/create.php')
 2 SYSTEMPATH\Common.php(1190): CodeIgniter\View\View->render('product/create', [], true)
 3 APPPATH\Controllers\Products.php(46): view('product/create')
 4 SYSTEMPATH\CodeIgniter.php(942): App\Controllers\Products->store()
 5 SYSTEMPATH\CodeIgniter.php(502): CodeIgniter\CodeIgniter->runController(Object(App\Controllers\Products))
 6 SYSTEMPATH\CodeIgniter.php(361): CodeIgniter\CodeIgniter->handleRequest(null, Object(Config\Cache), false)
 7 FCPATH\index.php(79): CodeIgniter\CodeIgniter->run()
 8 SYSTEMPATH\Commands\Server\rewrite.php(47): require_once('D:\\php\\htdocs\\wdpf55_codeigniter\\ci1\\public\\index.php')
CRITICAL - 2023-12-03 07:08:22 --> Invalid file: "product/create.php"
in SYSTEMPATH\Exceptions\FrameworkException.php on line 39.
 1 SYSTEMPATH\View\View.php(216): CodeIgniter\Exceptions\FrameworkException::forInvalidFile('product/create.php')
 2 SYSTEMPATH\Common.php(1190): CodeIgniter\View\View->render('product/create', [], true)
 3 APPPATH\Controllers\Products.php(46): view('product/create')
 4 SYSTEMPATH\CodeIgniter.php(942): App\Controllers\Products->store()
 5 SYSTEMPATH\CodeIgniter.php(502): CodeIgniter\CodeIgniter->runController(Object(App\Controllers\Products))
 6 SYSTEMPATH\CodeIgniter.php(361): CodeIgniter\CodeIgniter->handleRequest(null, Object(Config\Cache), false)
 7 FCPATH\index.php(79): CodeIgniter\CodeIgniter->run()
 8 SYSTEMPATH\Commands\Server\rewrite.php(47): require_once('D:\\php\\htdocs\\wdpf55_codeigniter\\ci1\\public\\index.php')
CRITICAL - 2023-12-03 07:09:32 --> Invalid file: "product/create.php"
in SYSTEMPATH\Exceptions\FrameworkException.php on line 39.
 1 SYSTEMPATH\View\View.php(216): CodeIgniter\Exceptions\FrameworkException::forInvalidFile('product/create.php')
 2 SYSTEMPATH\Common.php(1190): CodeIgniter\View\View->render('product/create', [], true)
 3 APPPATH\Controllers\Products.php(46): view('product/create')
 4 SYSTEMPATH\CodeIgniter.php(942): App\Controllers\Products->store()
 5 SYSTEMPATH\CodeIgniter.php(502): CodeIgniter\CodeIgniter->runController(Object(App\Controllers\Products))
 6 SYSTEMPATH\CodeIgniter.php(361): CodeIgniter\CodeIgniter->handleRequest(null, Object(Config\Cache), false)
 7 FCPATH\index.php(79): CodeIgniter\CodeIgniter->run()
 8 SYSTEMPATH\Commands\Server\rewrite.php(47): require_once('D:\\php\\htdocs\\wdpf55_codeigniter\\ci1\\public\\index.php')
CRITICAL - 2023-12-03 07:09:54 --> Invalid file: "product/create.php"
in SYSTEMPATH\Exceptions\FrameworkException.php on line 39.
 1 SYSTEMPATH\View\View.php(216): CodeIgniter\Exceptions\FrameworkException::forInvalidFile('product/create.php')
 2 SYSTEMPATH\Common.php(1190): CodeIgniter\View\View->render('product/create', [], true)
 3 APPPATH\Controllers\Products.php(46): view('product/create')
 4 SYSTEMPATH\CodeIgniter.php(942): App\Controllers\Products->store()
 5 SYSTEMPATH\CodeIgniter.php(502): CodeIgniter\CodeIgniter->runController(Object(App\Controllers\Products))
 6 SYSTEMPATH\CodeIgniter.php(361): CodeIgniter\CodeIgniter->handleRequest(null, Object(Config\Cache), false)
 7 FCPATH\index.php(79): CodeIgniter\CodeIgniter->run()
 8 SYSTEMPATH\Commands\Server\rewrite.php(47): require_once('D:\\php\\htdocs\\wdpf55_codeigniter\\ci1\\public\\index.php')
CRITICAL - 2023-12-03 07:12:09 --> Invalid file: "product/create.php"
in SYSTEMPATH\Exceptions\FrameworkException.php on line 39.
 1 SYSTEMPATH\View\View.php(216): CodeIgniter\Exceptions\FrameworkException::forInvalidFile('product/create.php')
 2 SYSTEMPATH\Common.php(1190): CodeIgniter\View\View->render('product/create', [], true)
 3 APPPATH\Controllers\Products.php(42): view('product/create')
 4 SYSTEMPATH\CodeIgniter.php(942): App\Controllers\Products->store()
 5 SYSTEMPATH\CodeIgniter.php(502): CodeIgniter\CodeIgniter->runController(Object(App\Controllers\Products))
 6 SYSTEMPATH\CodeIgniter.php(361): CodeIgniter\CodeIgniter->handleRequest(null, Object(Config\Cache), false)
 7 FCPATH\index.php(79): CodeIgniter\CodeIgniter->run()
 8 SYSTEMPATH\Commands\Server\rewrite.php(47): require_once('D:\\php\\htdocs\\wdpf55_codeigniter\\ci1\\public\\index.php')
CRITICAL - 2023-12-03 07:14:31 --> Invalid file: "product/create.php"
in SYSTEMPATH\Exceptions\FrameworkException.php on line 39.
 1 SYSTEMPATH\View\View.php(216): CodeIgniter\Exceptions\FrameworkException::forInvalidFile('product/create.php')
 2 SYSTEMPATH\Common.php(1190): CodeIgniter\View\View->render('product/create', [], true)
 3 APPPATH\Controllers\Products.php(42): view('product/create')
 4 SYSTEMPATH\CodeIgniter.php(942): App\Controllers\Products->store()
 5 SYSTEMPATH\CodeIgniter.php(502): CodeIgniter\CodeIgniter->runController(Object(App\Controllers\Products))
 6 SYSTEMPATH\CodeIgniter.php(361): CodeIgniter\CodeIgniter->handleRequest(null, Object(Config\Cache), false)
 7 FCPATH\index.php(79): CodeIgniter\CodeIgniter->run()
 8 SYSTEMPATH\Commands\Server\rewrite.php(47): require_once('D:\\php\\htdocs\\wdpf55_codeigniter\\ci1\\public\\index.php')
